#
# There is insufficient memory for the Java Runtime Environment to continue.
# Native memory allocation (mmap) failed to map 268435456 bytes for Failed to commit area from 0x0000000701600000 to 0x0000000711600000 of length 268435456.
# Possible reasons:
#   The system is out of physical RAM or swap space
#   The process is running with CompressedOops enabled, and the Java Heap may be blocking the growth of the native heap
# Possible solutions:
#   Reduce memory load on the system
#   Increase physical memory or swap space
#   Check if swap backing store is full
#   Decrease Java heap size (-Xmx/-Xms)
#   Decrease number of Java threads
#   Decrease Java thread stack sizes (-Xss)
#   Set larger code cache with -XX:ReservedCodeCacheSize=
# This output file may be truncated or incomplete.
#
#  Out of Memory Error (./src/hotspot/os/windows/os_windows.cpp:3311), pid=23312, tid=14008
#
# JRE version:  (11.0.13+8) (build )
# Java VM: OpenJDK 64-Bit Server VM (11.0.13+8, mixed mode, sharing, tiered, compressed oops, g1 gc, windows-amd64)
# No core dump will be written. Minidumps are not enabled by default on client versions of Windows
#

---------------  S U M M A R Y ------------

Command Line: org.jetbrains.kotlin.cli.jvm.K2JVMCompiler @C:\Users\sagar\italkoneProject\node_modules\react-native-safe-area-context\android\build\20220503_12631219184358020974.compiler.options

Host: Intel(R) Core(TM) i5-10300H CPU @ 2.50GHz, 8 cores, 15G,  Windows 10 , 64 bit Build 19041 (10.0.19041.1645)
Time: Tue May  3 17:51:35 2022 Hora est. Pacífico, Sudamérica elapsed time: 0.008978 seconds (0d 0h 0m 0s)

---------------  T H R E A D  ---------------

Current thread (0x00000142ff9d7000):  JavaThread "Unknown thread" [_thread_in_vm, id=14008, stack(0x0000003f1c600000,0x0000003f1c700000)]

Stack: [0x0000003f1c600000,0x0000003f1c700000]
Native frames: (J=compiled Java code, j=interpreted, Vv=VM code, C=native code)
V  [jvm.dll+0x64b92a]
V  [jvm.dll+0x78e4e9]
V  [jvm.dll+0x78fbcc]
V  [jvm.dll+0x790293]
V  [jvm.dll+0x265118]
V  [jvm.dll+0x6489fa]
V  [jvm.dll+0x63cfe5]
V  [jvm.dll+0x32010c]
V  [jvm.dll+0x31ff92]
V  [jvm.dll+0x325896]
V  [jvm.dll+0x3733af]
V  [jvm.dll+0x372dd0]
V  [jvm.dll+0x2fb808]
V  [jvm.dll+0x2fc976]
V  [jvm.dll+0x767b17]
V  [jvm.dll+0x7692df]
V  [jvm.dll+0x380269]
V  [jvm.dll+0x74a04e]
V  [jvm.dll+0x3f2fbd]
V  [jvm.dll+0x3f51e1]
C  [jli.dll+0x51c7]
C  [ucrtbase.dll+0x21bb2]
C  [KERNEL32.DLL+0x17034]
C  [ntdll.dll+0x52651]


---------------  P R O C E S S  ---------------

Threads class SMR info:
_java_thread_list=0x00000142fdfc5de0, length=0, elements={
}

Java Threads: ( => current thread )

Other Threads:
  0x00000142ff9e8000 GCTaskThread "GC Thread#0" [stack: 0x0000003f1c700000,0x0000003f1c800000] [id=10720]
  0x00000142ffa45800 ConcurrentGCThread "G1 Main Marker" [stack: 0x0000003f1c800000,0x0000003f1c900000] [id=4212]
  0x00000142ffa47800 ConcurrentGCThread "G1 Conc#0" [stack: 0x0000003f1c900000,0x0000003f1ca00000] [id=11948]

[error occurred during error reporting (printing all threads), id 0xc0000005, EXCEPTION_ACCESS_VIOLATION (0xc0000005) at pc=0x00007ff8b0d5af37]

VM state:not at safepoint (not fully initialized)

VM Mutex/Monitor currently owned by a thread:  ([mutex/lock_event])
[0x00000142ff9d3570] Heap_lock - owner thread: 0x00000142ff9d7000

Heap address: 0x0000000701600000, size: 4074 MB, Compressed Oops mode: Non-zero based: 0x0000000701600000
Narrow klass base: 0x0000000000000000, Narrow klass shift: 0

GC Heap History (0 events):
No events

Deoptimization events (0 events):
No events

Classes redefined (0 events):
No events

Internal exceptions (0 events):
No events

Events (1 events):
Event: 0.004 Loaded shared library C:\Program Files\OpenJDK\openjdk-11.0.13_8\bin\zip.dll


Dynamic libraries:
0x00007ff75fc20000 - 0x00007ff75fc2d000 	C:\Program Files\OpenJDK\openjdk-11.0.13_8\bin\java.exe
0x00007ff947770000 - 0x00007ff947965000 	C:\WINDOWS\SYSTEM32\ntdll.dll
0x00007ff947460000 - 0x00007ff94751e000 	C:\WINDOWS\System32\KERNEL32.DLL
0x00007ff9453e0000 - 0x00007ff9456a8000 	C:\WINDOWS\System32\KERNELBASE.dll
0x00007ff9451a0000 - 0x00007ff9452a0000 	C:\WINDOWS\System32\ucrtbase.dll
0x00007ff93d4b0000 - 0x00007ff93d4c6000 	C:\Program Files\OpenJDK\openjdk-11.0.13_8\bin\VCRUNTIME140.dll
0x00007ff93f1a0000 - 0x00007ff93f1b8000 	C:\Program Files\OpenJDK\openjdk-11.0.13_8\bin\jli.dll
0x00007ff946110000 - 0x00007ff9462b0000 	C:\WINDOWS\System32\USER32.dll
0x00007ff944e90000 - 0x00007ff944eb2000 	C:\WINDOWS\System32\win32u.dll
0x00007ff946920000 - 0x00007ff94694a000 	C:\WINDOWS\System32\GDI32.dll
0x00007ff936270000 - 0x00007ff93650a000 	C:\WINDOWS\WinSxS\amd64_microsoft.windows.common-controls_6595b64144ccf1df_6.0.19041.1110_none_60b5254171f9507e\COMCTL32.dll
0x00007ff9452d0000 - 0x00007ff9453db000 	C:\WINDOWS\System32\gdi32full.dll
0x00007ff9466a0000 - 0x00007ff94673e000 	C:\WINDOWS\System32\msvcrt.dll
0x00007ff944f10000 - 0x00007ff944fad000 	C:\WINDOWS\System32\msvcp_win.dll
0x00007ff945860000 - 0x00007ff945890000 	C:\WINDOWS\System32\IMM32.DLL
0x00007ff8e97c0000 - 0x00007ff8e986a000 	C:\Program Files\OpenJDK\openjdk-11.0.13_8\bin\msvcp140.dll
0x00007ff8b0a50000 - 0x00007ff8b159c000 	C:\Program Files\OpenJDK\openjdk-11.0.13_8\bin\server\jvm.dll
0x00007ff946740000 - 0x00007ff9467ee000 	C:\WINDOWS\System32\ADVAPI32.dll
0x00007ff945890000 - 0x00007ff94592c000 	C:\WINDOWS\System32\sechost.dll
0x00007ff947120000 - 0x00007ff947245000 	C:\WINDOWS\System32\RPCRT4.dll
0x00007ff946950000 - 0x00007ff946958000 	C:\WINDOWS\System32\PSAPI.DLL
0x00007ff938640000 - 0x00007ff938667000 	C:\WINDOWS\SYSTEM32\WINMM.dll
0x00007ff927100000 - 0x00007ff927109000 	C:\WINDOWS\SYSTEM32\WSOCK32.dll
0x00007ff93cf90000 - 0x00007ff93cf9a000 	C:\WINDOWS\SYSTEM32\VERSION.dll
0x00007ff9462b0000 - 0x00007ff94631b000 	C:\WINDOWS\System32\WS2_32.dll
0x00007ff943720000 - 0x00007ff943732000 	C:\WINDOWS\SYSTEM32\kernel.appcore.dll
0x00007ff9261b0000 - 0x00007ff9261c1000 	C:\Program Files\OpenJDK\openjdk-11.0.13_8\bin\verify.dll
0x00007ff943430000 - 0x00007ff943614000 	C:\WINDOWS\SYSTEM32\DBGHELP.DLL
0x00007ff9355c0000 - 0x00007ff9355ec000 	C:\WINDOWS\SYSTEM32\dbgcore.DLL
0x00007ff944fb0000 - 0x00007ff945032000 	C:\WINDOWS\System32\bcryptPrimitives.dll
0x00007ff9239e0000 - 0x00007ff923a09000 	C:\Program Files\OpenJDK\openjdk-11.0.13_8\bin\java.dll
0x00007ff9408b0000 - 0x00007ff9408ba000 	C:\Program Files\OpenJDK\openjdk-11.0.13_8\bin\jimage.dll
0x00007ff924500000 - 0x00007ff924517000 	C:\Program Files\OpenJDK\openjdk-11.0.13_8\bin\zip.dll

dbghelp: loaded successfully - version: 4.0.5 - missing functions: none
symbol engine: initialized successfully - sym options: 0x614 - pdb path: .;C:\Program Files\OpenJDK\openjdk-11.0.13_8\bin;C:\WINDOWS\SYSTEM32;C:\WINDOWS\WinSxS\amd64_microsoft.windows.common-controls_6595b64144ccf1df_6.0.19041.1110_none_60b5254171f9507e;C:\Program Files\OpenJDK\openjdk-11.0.13_8\bin\server

VM Arguments:
java_command: org.jetbrains.kotlin.cli.jvm.K2JVMCompiler @C:\Users\sagar\italkoneProject\node_modules\react-native-safe-area-context\android\build\20220503_12631219184358020974.compiler.options
java_class_path (initial): C:\Users\sagar\.gradle\caches\modules-2\files-2.1\org.jetbrains.kotlin\kotlin-compiler-embeddable\1.6.10\88f2073f4020cdb83132cfe940ceb9a60aba54ea\kotlin-compiler-embeddable-1.6.10.jar;C:\Users\sagar\.gradle\caches\modules-2\files-2.1\org.jetbrains.kotlin\kotlin-reflect\1.6.10\1cbe9c92c12a94eea200d23c2bbaedaf3daf5132\kotlin-reflect-1.6.10.jar;C:\Users\sagar\.gradle\caches\modules-2\files-2.1\org.jetbrains.kotlin\kotlin-stdlib\1.6.10\b8af3fe6f1ca88526914929add63cf5e7c5049af\kotlin-stdlib-1.6.10.jar;C:\Users\sagar\.gradle\caches\modules-2\files-2.1\org.jetbrains.kotlin\kotlin-script-runtime\1.6.10\d0a7ff2e2500ef497ed0214ae40ad3c8387a6164\kotlin-script-runtime-1.6.10.jar;C:\Users\sagar\.gradle\caches\modules-2\files-2.1\org.jetbrains.kotlin\kotlin-daemon-embeddable\1.6.10\a56d79bcbea411fa6058e4ecffc2de73e742bd2a\kotlin-daemon-embeddable-1.6.10.jar;C:\Users\sagar\.gradle\caches\modules-2\files-2.1\org.jetbrains.intellij.deps\trove4j\1.0.20181211\216c2e14b070f334479d800987affe4054cd563f\trove4j-1.0.20181211.jar;C:\Users\sagar\.gradle\caches\modules-2\files-2.1\net.java.dev.jna\jna\5.6.0\330f2244e9030119ab3030fc3fededc86713d9cc\jna-5.6.0.jar;C:\Users\sagar\.gradle\caches\modules-2\files-2.1\org.jetbrains\annotations\13.0\919f0dfe192fb4e063e7dacadee7f8bb9a2672a9\annotations-13.0.jar;C:\Users\sagar\.gradle\caches\modules-2\files-2.1\org.jetbrains.kotlin\kotlin-stdlib-common\1.6.10\c118700e3a33c8a0d9adc920e9dec0831171925\kotlin-stdlib-common-1.6.10.jar
Launcher Type: SUN_STANDARD

[Global flags]
     intx CICompilerCount                          = 4                                         {product} {ergonomic}
     uint ConcGCThreads                            = 2                                         {product} {ergonomic}
     uint G1ConcRefinementThreads                  = 8                                         {product} {ergonomic}
   size_t G1HeapRegionSize                         = 1048576                                   {product} {ergonomic}
    uintx GCDrainStackTargetSize                   = 64                                        {product} {ergonomic}
   size_t InitialHeapSize                          = 268435456                                 {product} {ergonomic}
   size_t MarkStackSize                            = 4194304                                   {product} {ergonomic}
   size_t MaxHeapSize                              = 4271898624                                {product} {ergonomic}
   size_t MinHeapDeltaBytes                        = 1048576                                   {product} {ergonomic}
    uintx NonNMethodCodeHeapSize                   = 5836300                                {pd product} {ergonomic}
    uintx NonProfiledCodeHeapSize                  = 122910970                              {pd product} {ergonomic}
    uintx ProfiledCodeHeapSize                     = 122910970                              {pd product} {ergonomic}
    uintx ReservedCodeCacheSize                    = 251658240                              {pd product} {ergonomic}
     bool SegmentedCodeCache                       = true                                      {product} {ergonomic}
     bool UseCompressedClassPointers               = true                                 {lp64_product} {ergonomic}
     bool UseCompressedOops                        = true                                 {lp64_product} {ergonomic}
     bool UseG1GC                                  = true                                      {product} {ergonomic}
     bool UseLargePagesIndividualAllocation        = false                                  {pd product} {ergonomic}

Logging:
Log output configuration:
 #0: stdout all=warning uptime,level,tags
 #1: stderr all=off uptime,level,tags

Environment Variables:
JAVA_HOME=C:\Program Files\OpenJDK\openjdk-11.0.13_8
CLASSPATH=C:\Users\sagar\italkoneProject\android\\gradle\wrapper\gradle-wrapper.jar
PATH=C:\Users\sagar\italkoneProject\android\node_modules\.bin;C:\Users\sagar\italkoneProject\node_modules\.bin;C:\Users\sagar\node_modules\.bin;C:\Users\node_modules\.bin;C:\node_modules\.bin;C:\Program Files\nodejs;C:\Users\sagar\italkoneProject\node_modules\.bin;C:\Users\sagar\node_modules\.bin;C:\Users\node_modules\.bin;C:\node_modules\.bin;C:\Users\sagar\AppData\Roaming\npm\node_modules\npm\node_modules\@npmcli\run-script\lib\node-gyp-bin;C:\Program Files (x86)\Common Files\Oracle\Java\javapath;C:\Program Files (x86)\VMware\VMware Player\bin\;C:\Program Files\Microsoft MPI\Bin\;C:\Windows\system32;C:\Windows;C:\Windows\System32\Wbem;C:\Windows\System32\WindowsPowerShell\v1.0\;C:\Windows\System32\OpenSSH\;C:\Program Files (x86)\NVIDIA Corporation\PhysX\Common;C:\Program Files\NVIDIA Corporation\NVIDIA NvDLISR;D:\Program Files\Client SDK\ODBC\170\Tools\Binn\;C:\Program Files\dotnet\;C:\Program Files (x86)\Microsoft SQL Server\150\Tools\Binn\;D:\Program Files\150\Tools\Binn\;D:\Program Files\150\DTS\Binn\;C:\Program Files (x86)\Microsoft SQL Server\150\DTS\Binn\;C:\Program Files\Git\cmd;C:\Program Files (x86)\dotnet\;C:\WINDOWS\system32;C:\WINDOWS;C:\WINDOWS\System32\Wbem;C:\WINDOWS\System32\WindowsPowerShell\v1.0\;C:\WINDOWS\System32\OpenSSH\;D:\Program Files\130\Tools\Binn\;C:\Program Files\nodejs\;D:\10. Linux\putty\;C:\ProgramData\chocolatey\bin;C:\Program Files\OpenJDK\openjdk-11.0.13_8\bin;C:\Users\sagar\AppData\Local\Programs\Python\Launcher\;C:\Users\sagar\AppData\Local\Microsoft\WindowsApps;C:\Users\sagar\AppData\Local\Programs\Microsoft VS Code\bin;C:\Program Files\Azure Data Studio\bin;C:\Users\sagar\AppData\Local\hyper\app-3.0.2\resources\bin;C:\Program Files\heroku\bin;C:\Users\sagar\.dotnet\tools;C:\Users\sagar\AppData\Local\Microsoft\WindowsApps;C:\Users\sagar\AppData\Roaming\npm;C:\Users\sagar\AppData\platform-tools;;C:\Users\sagar\italkoneProject\node_modules\.bin
USERNAME=sagar
LANG=es_ES.UTF-8
OS=Windows_NT
PROCESSOR_IDENTIFIER=Intel64 Family 6 Model 165 Stepping 2, GenuineIntel



---------------  S Y S T E M  ---------------

OS: Windows 10 , 64 bit Build 19041 (10.0.19041.1645)
OS uptime: 0 days 8:55 hours

CPU:total 8 (initial active 8) (4 cores per cpu, 2 threads per core) family 6 model 165 stepping 2 microcode 0xec, cmov, cx8, fxsr, mmx, sse, sse2, sse3, ssse3, sse4.1, sse4.2, popcnt, avx, avx2, aes, clmul, erms, 3dnowpref, lzcnt, ht, tsc, tscinvbit, bmi1, bmi2, adx, fma

Memory: 4k page, system-wide physical 16291M (3710M free)
TotalPageFile size 20287M (AvailPageFile size 160M)
current process WorkingSet (physical memory assigned to process): 10M, peak: 10M
current process commit charge ("private bytes"): 60M, peak: 316M

vm_info: OpenJDK 64-Bit Server VM (11.0.13+8) for windows-amd64 JRE (11.0.13+8), built on Oct  8 2021 16:28:06 by "" with MS VC++ 15.5 (VS2017)

END.
