#
# There is insufficient memory for the Java Runtime Environment to continue.
# Native memory allocation (malloc) failed to allocate 1511696 bytes for Chunk::new
# Possible reasons:
#   The system is out of physical RAM or swap space
#   The process is running with CompressedOops enabled, and the Java Heap may be blocking the growth of the native heap
# Possible solutions:
#   Reduce memory load on the system
#   Increase physical memory or swap space
#   Check if swap backing store is full
#   Decrease Java heap size (-Xmx/-Xms)
#   Decrease number of Java threads
#   Decrease Java thread stack sizes (-Xss)
#   Set larger code cache with -XX:ReservedCodeCacheSize=
#   JVM is running with Unscaled Compressed Oops mode in which the Java heap is
#     placed in the first 4GB address space. The Java Heap base address is the
#     maximum limit for the native heap growth. Please use -XX:HeapBaseMinAddress
#     to set the Java Heap base and to place the Java Heap above 4GB virtual address.
# This output file may be truncated or incomplete.
#
#  Out of Memory Error (./src/hotspot/share/memory/arena.cpp:197), pid=24252, tid=10552
#
# JRE version: OpenJDK Runtime Environment 18.9 (11.0.13+8) (build 11.0.13+8)
# Java VM: OpenJDK 64-Bit Server VM 18.9 (11.0.13+8, mixed mode, tiered, compressed oops, g1 gc, windows-amd64)
# No core dump will be written. Minidumps are not enabled by default on client versions of Windows
#

---------------  S U M M A R Y ------------

Command Line: -XX:MaxMetaspaceSize=512m --add-opens=java.base/java.util=ALL-UNNAMED --add-opens=java.base/java.lang=ALL-UNNAMED --add-opens=java.base/java.lang.invoke=ALL-UNNAMED --add-opens=java.base/java.util=ALL-UNNAMED --add-opens=java.prefs/java.util.prefs=ALL-UNNAMED --add-opens=java.prefs/java.util.prefs=ALL-UNNAMED --add-opens=java.base/java.nio.charset=ALL-UNNAMED --add-opens=java.base/java.net=ALL-UNNAMED --add-opens=java.base/java.util.concurrent.atomic=ALL-UNNAMED -Xmx2048m -Dfile.encoding=windows-1252 -Duser.country=ES -Duser.language=es -Duser.variant org.gradle.launcher.daemon.bootstrap.GradleDaemon 7.3.3

Host: Intel(R) Core(TM) i5-10300H CPU @ 2.50GHz, 8 cores, 15G,  Windows 10 , 64 bit Build 19041 (10.0.19041.1645)
Time: Tue May  3 18:38:29 2022 Hora est. Pacífico, Sudamérica elapsed time: 31.872218 seconds (0d 0h 0m 31s)

---------------  T H R E A D  ---------------

Current thread (0x000002734cc95000):  JavaThread "C2 CompilerThread0" daemon [_thread_in_native, id=10552, stack(0x000000f099f00000,0x000000f09a000000)]


Current CompileTask:
C2:  31872 9183       4       com.sun.tools.javac.code.Symbol$ClassSymbol::flags (9 bytes)

Stack: [0x000000f099f00000,0x000000f09a000000]
Native frames: (J=compiled Java code, j=interpreted, Vv=VM code, C=native code)
V  [jvm.dll+0x64b92a]
V  [jvm.dll+0x78e4e9]
V  [jvm.dll+0x78fbcc]
V  [jvm.dll+0x790293]
V  [jvm.dll+0x265118]
V  [jvm.dll+0xc9e01]
V  [jvm.dll+0xca3bc]
V  [jvm.dll+0x37a992]
V  [jvm.dll+0x1b2ebf]
V  [jvm.dll+0x21db82]
V  [jvm.dll+0x21cc4a]
V  [jvm.dll+0x19d971]
V  [jvm.dll+0x22c754]
V  [jvm.dll+0x22a9e1]
V  [jvm.dll+0x74ff8c]
V  [jvm.dll+0x748b7d]
V  [jvm.dll+0x64a5f6]
C  [ucrtbase.dll+0x21bb2]
C  [KERNEL32.DLL+0x17034]
C  [ntdll.dll+0x52651]


---------------  P R O C E S S  ---------------

Threads class SMR info:
_java_thread_list=0x0000027350426a00, length=117, elements={
0x000002732d321000, 0x000002734c406800, 0x000002734cc39000, 0x000002734cc89800,
0x000002734cc8b800, 0x000002734cc8f000, 0x000002734cc95000, 0x000002734cca9800,
0x000002734ccb4000, 0x000002734ce06800, 0x000002734fee3800, 0x000002735058f000,
0x000002734d23e800, 0x000002734fa9d000, 0x000002734ebb3800, 0x000002734e816800,
0x000002734eb8e800, 0x000002734e0dc000, 0x000002734f92a800, 0x000002734f434000,
0x000002734fa55000, 0x000002734fa58800, 0x000002734fa56000, 0x000002734fa59000,
0x000002734fa57800, 0x000002734fa5b800, 0x000002734fa5a000, 0x000002734fa5b000,
0x000002734fa56800, 0x00000273508e2000, 0x00000273508e4800, 0x00000273508e2800,
0x00000273508e3800, 0x00000273508e7000, 0x00000273508e7800, 0x00000273508e8800,
0x00000273508e6000, 0x00000273508ef000, 0x00000273508ec800, 0x00000273508e9800,
0x00000273508eb000, 0x00000273508ed800, 0x00000273508ee000, 0x0000027350026800,
0x0000027350024000, 0x0000027350025000, 0x000002735002a000, 0x0000027350028000,
0x0000027350025800, 0x0000027350027800, 0x0000027350029000, 0x000002735002a800,
0x000002734dff7800, 0x000002734dff3800, 0x000002734dff7000, 0x000002734dff4800,
0x000002734dff5800, 0x000002734dff2000, 0x000002734dff3000, 0x000002734dff8800,
0x000002734dff9800, 0x000002734dffa000, 0x000002734dffb000, 0x000002734dffc000,
0x000002734dff6000, 0x000002734dffc800, 0x000002734dffd800, 0x000002734dffe800,
0x000002734dfff000, 0x000002734e000000, 0x000002734e000800, 0x000002735279c800,
0x000002735279b000, 0x000002735279d800, 0x000002735279f000, 0x000002735279f800,
0x000002735279b800, 0x000002735279e000, 0x00000273527a6000, 0x00000273527a3000,
0x00000273527a4800, 0x00000273527a4000, 0x00000273527a2000, 0x00000273527a5800,
0x00000273527a0800, 0x00000273527a7000, 0x00000273527a1800, 0x00000273527a8000,
0x00000273527a8800, 0x00000273527a9800, 0x000002734e153000, 0x000002734e151800,
0x000002734e150800, 0x000002734e152000, 0x000002734e14f000, 0x000002734e154000,
0x000002734e14e000, 0x000002734e154800, 0x000002734e155800, 0x000002734e14f800,
0x000002734e15c000, 0x000002734e157000, 0x000002734e15a800, 0x000002734e15b000,
0x000002734e156000, 0x000002734e15d000, 0x000002734e158000, 0x000002734e158800,
0x000002734e159800, 0x0000027352aa5000, 0x0000027352aa8000, 0x0000027352aa4000,
0x0000027352aa5800, 0x0000027352aa6800, 0x000002734cca3000, 0x0000027352aa9000,
0x000002734cca5800
}

Java Threads: ( => current thread )
  0x000002732d321000 JavaThread "main" [_thread_blocked, id=24260, stack(0x000000f099300000,0x000000f099400000)]
  0x000002734c406800 JavaThread "Reference Handler" daemon [_thread_blocked, id=21752, stack(0x000000f099a00000,0x000000f099b00000)]
  0x000002734cc39000 JavaThread "Finalizer" daemon [_thread_blocked, id=13340, stack(0x000000f099b00000,0x000000f099c00000)]
  0x000002734cc89800 JavaThread "Signal Dispatcher" daemon [_thread_blocked, id=6912, stack(0x000000f099c00000,0x000000f099d00000)]
  0x000002734cc8b800 JavaThread "Attach Listener" daemon [_thread_blocked, id=16056, stack(0x000000f099d00000,0x000000f099e00000)]
  0x000002734cc8f000 JavaThread "Service Thread" daemon [_thread_blocked, id=6960, stack(0x000000f099e00000,0x000000f099f00000)]
=>0x000002734cc95000 JavaThread "C2 CompilerThread0" daemon [_thread_in_native, id=10552, stack(0x000000f099f00000,0x000000f09a000000)]
  0x000002734cca9800 JavaThread "C1 CompilerThread0" daemon [_thread_blocked, id=17044, stack(0x000000f09a000000,0x000000f09a100000)]
  0x000002734ccb4000 JavaThread "Sweeper thread" daemon [_thread_blocked, id=21676, stack(0x000000f09a100000,0x000000f09a200000)]
  0x000002734ce06800 JavaThread "Common-Cleaner" daemon [_thread_blocked, id=21384, stack(0x000000f09a200000,0x000000f09a300000)]
  0x000002734fee3800 JavaThread "Daemon health stats" [_thread_blocked, id=17496, stack(0x000000f09ab00000,0x000000f09ac00000)]
  0x000002735058f000 JavaThread "Incoming local TCP Connector on port 61795" [_thread_in_native, id=21556, stack(0x000000f09a400000,0x000000f09a500000)]
  0x000002734d23e800 JavaThread "Daemon periodic checks" [_thread_blocked, id=13812, stack(0x000000f09aa00000,0x000000f09ab00000)]
  0x000002734fa9d000 JavaThread "Daemon" [_thread_blocked, id=22576, stack(0x000000f09ac00000,0x000000f09ad00000)]
  0x000002734ebb3800 JavaThread "Handler for socket connection from /127.0.0.1:61795 to /127.0.0.1:61796" [_thread_in_native, id=13336, stack(0x000000f09ad00000,0x000000f09ae00000)]
  0x000002734e816800 JavaThread "Cancel handler" [_thread_blocked, id=22092, stack(0x000000f09ae00000,0x000000f09af00000)]
  0x000002734eb8e800 JavaThread "Daemon worker" [_thread_blocked, id=1528, stack(0x000000f09af00000,0x000000f09b000000)]
  0x000002734e0dc000 JavaThread "Asynchronous log dispatcher for DefaultDaemonConnection: socket connection from /127.0.0.1:61795 to /127.0.0.1:61796" [_thread_blocked, id=1188, stack(0x000000f09b000000,0x000000f09b100000)]
  0x000002734f92a800 JavaThread "Stdin handler" [_thread_blocked, id=24340, stack(0x000000f09b100000,0x000000f09b200000)]
  0x000002734f434000 JavaThread "Daemon client event forwarder" [_thread_blocked, id=8148, stack(0x000000f09b200000,0x000000f09b300000)]
  0x000002734fa55000 JavaThread "Cache worker for journal cache (C:\Users\sagar\.gradle\caches\journal-1)" [_thread_blocked, id=22332, stack(0x000000f09b500000,0x000000f09b600000)]
  0x000002734fa58800 JavaThread "File lock request listener" [_thread_in_native, id=4184, stack(0x000000f09b600000,0x000000f09b700000)]
  0x000002734fa56000 JavaThread "Cache worker for file hash cache (C:\Users\sagar\.gradle\caches\7.3.3\fileHashes)" [_thread_blocked, id=17036, stack(0x000000f09b700000,0x000000f09b800000)]
  0x000002734fa59000 JavaThread "Cache worker for file hash cache (C:\Users\sagar\italkoneProject\android\.gradle\7.3.3\fileHashes)" [_thread_blocked, id=18804, stack(0x000000f09ba00000,0x000000f09bb00000)]
  0x000002734fa57800 JavaThread "File watcher server" daemon [_thread_in_native, id=4040, stack(0x000000f09bb00000,0x000000f09bc00000)]
  0x000002734fa5b800 JavaThread "File watcher consumer" daemon [_thread_blocked, id=4316, stack(0x000000f09bc00000,0x000000f09bd00000)]
  0x000002734fa5a000 JavaThread "Cache worker for checksums cache (C:\Users\sagar\italkoneProject\android\.gradle\7.3.3\checksums)" [_thread_blocked, id=18996, stack(0x000000f09bd00000,0x000000f09be00000)]
  0x000002734fa5b000 JavaThread "Cache worker for cache directory md-supplier (C:\Users\sagar\.gradle\caches\7.3.3\md-supplier)" [_thread_blocked, id=19312, stack(0x000000f09be00000,0x000000f09bf00000)]
  0x000002734fa56800 JavaThread "Cache worker for cache directory md-rule (C:\Users\sagar\.gradle\caches\7.3.3\md-rule)" [_thread_blocked, id=22724, stack(0x000000f09bf00000,0x000000f09c000000)]
  0x00000273508e2000 JavaThread "Cache worker for execution history cache (C:\Users\sagar\.gradle\caches\7.3.3\executionHistory)" [_thread_blocked, id=20632, stack(0x000000f09c000000,0x000000f09c100000)]
  0x00000273508e4800 JavaThread "jar transforms" [_thread_blocked, id=23900, stack(0x000000f09c200000,0x000000f09c300000)]
  0x00000273508e2800 JavaThread "jar transforms Thread 2" [_thread_blocked, id=4556, stack(0x000000f09c300000,0x000000f09c400000)]
  0x00000273508e3800 JavaThread "Cache worker for file content cache (C:\Users\sagar\.gradle\caches\7.3.3\fileContent)" [_thread_blocked, id=10868, stack(0x000000f09c400000,0x000000f09c500000)]
  0x00000273508e7000 JavaThread "jar transforms Thread 3" [_thread_blocked, id=460, stack(0x000000f09c500000,0x000000f09c600000)]
  0x00000273508e7800 JavaThread "jar transforms Thread 4" [_thread_blocked, id=20000, stack(0x000000f09c600000,0x000000f09c700000)]
  0x00000273508e8800 JavaThread "Cache worker for kotlin-dsl (C:\Users\sagar\.gradle\caches\7.3.3\kotlin-dsl)" [_thread_blocked, id=17988, stack(0x000000f09c700000,0x000000f09c800000)]
  0x00000273508e6000 JavaThread "jar transforms Thread 5" [_thread_blocked, id=20636, stack(0x000000f09c800000,0x000000f09c900000)]
  0x00000273508ef000 JavaThread "jar transforms Thread 6" [_thread_blocked, id=9048, stack(0x000000f09c900000,0x000000f09ca00000)]
  0x00000273508ec800 JavaThread "Cache worker for dependencies-accessors (C:\Users\sagar\italkoneProject\android\.gradle\7.3.3\dependencies-accessors)" [_thread_blocked, id=23672, stack(0x000000f09ca00000,0x000000f09cb00000)]
  0x00000273508e9800 JavaThread "Cache worker for Build Output Cleanup Cache (C:\Users\sagar\italkoneProject\node_modules\react-native-gradle-plugin\.gradle\buildOutputCleanup)" [_thread_blocked, id=436, stack(0x000000f09cb00000,0x000000f09cc00000)]
  0x00000273508eb000 JavaThread "jar transforms Thread 7" [_thread_blocked, id=19548, stack(0x000000f09cc00000,0x000000f09cd00000)]
  0x00000273508ed800 JavaThread "Unconstrained build operations" [_thread_blocked, id=21524, stack(0x000000f09cd00000,0x000000f09ce00000)]
  0x00000273508ee000 JavaThread "Unconstrained build operations Thread 2" [_thread_blocked, id=520, stack(0x000000f09ce00000,0x000000f09cf00000)]
  0x0000027350026800 JavaThread "Unconstrained build operations Thread 3" [_thread_blocked, id=4208, stack(0x000000f09cf00000,0x000000f09d000000)]
  0x0000027350024000 JavaThread "Unconstrained build operations Thread 4" [_thread_blocked, id=19616, stack(0x000000f09d000000,0x000000f09d100000)]
  0x0000027350025000 JavaThread "Unconstrained build operations Thread 5" [_thread_blocked, id=24048, stack(0x000000f09d100000,0x000000f09d200000)]
  0x000002735002a000 JavaThread "Unconstrained build operations Thread 6" [_thread_blocked, id=18412, stack(0x000000f09d200000,0x000000f09d300000)]
  0x0000027350028000 JavaThread "Unconstrained build operations Thread 7" [_thread_blocked, id=3184, stack(0x000000f09d300000,0x000000f09d400000)]
  0x0000027350025800 JavaThread "Unconstrained build operations Thread 8" [_thread_blocked, id=16452, stack(0x000000f09d400000,0x000000f09d500000)]
  0x0000027350027800 JavaThread "Unconstrained build operations Thread 9" [_thread_blocked, id=24020, stack(0x000000f09d500000,0x000000f09d600000)]
  0x0000027350029000 JavaThread "Unconstrained build operations Thread 10" [_thread_blocked, id=21580, stack(0x000000f09d600000,0x000000f09d700000)]
  0x000002735002a800 JavaThread "Unconstrained build operations Thread 11" [_thread_blocked, id=19664, stack(0x000000f09d700000,0x000000f09d800000)]
  0x000002734dff7800 JavaThread "Unconstrained build operations Thread 12" [_thread_blocked, id=20240, stack(0x000000f09d800000,0x000000f09d900000)]
  0x000002734dff3800 JavaThread "Unconstrained build operations Thread 13" [_thread_blocked, id=18812, stack(0x000000f09d900000,0x000000f09da00000)]
  0x000002734dff7000 JavaThread "Unconstrained build operations Thread 14" [_thread_blocked, id=22524, stack(0x000000f09da00000,0x000000f09db00000)]
  0x000002734dff4800 JavaThread "Unconstrained build operations Thread 15" [_thread_blocked, id=23248, stack(0x000000f09db00000,0x000000f09dc00000)]
  0x000002734dff5800 JavaThread "Unconstrained build operations Thread 16" [_thread_blocked, id=2248, stack(0x000000f09dc00000,0x000000f09dd00000)]
  0x000002734dff2000 JavaThread "Unconstrained build operations Thread 17" [_thread_blocked, id=2364, stack(0x000000f09dd00000,0x000000f09de00000)]
  0x000002734dff3000 JavaThread "Unconstrained build operations Thread 18" [_thread_blocked, id=20660, stack(0x000000f09de00000,0x000000f09df00000)]
  0x000002734dff8800 JavaThread "Unconstrained build operations Thread 19" [_thread_blocked, id=23336, stack(0x000000f09df00000,0x000000f09e000000)]
  0x000002734dff9800 JavaThread "Unconstrained build operations Thread 20" [_thread_blocked, id=23400, stack(0x000000f09e000000,0x000000f09e100000)]
  0x000002734dffa000 JavaThread "Unconstrained build operations Thread 21" [_thread_blocked, id=6012, stack(0x000000f09e100000,0x000000f09e200000)]
  0x000002734dffb000 JavaThread "Unconstrained build operations Thread 22" [_thread_blocked, id=18172, stack(0x000000f09e200000,0x000000f09e300000)]
  0x000002734dffc000 JavaThread "Unconstrained build operations Thread 23" [_thread_blocked, id=5512, stack(0x000000f09e300000,0x000000f09e400000)]
  0x000002734dff6000 JavaThread "Unconstrained build operations Thread 24" [_thread_blocked, id=22352, stack(0x000000f09e400000,0x000000f09e500000)]
  0x000002734dffc800 JavaThread "Unconstrained build operations Thread 25" [_thread_blocked, id=21572, stack(0x000000f09e500000,0x000000f09e600000)]
  0x000002734dffd800 JavaThread "Unconstrained build operations Thread 26" [_thread_blocked, id=12220, stack(0x000000f09e600000,0x000000f09e700000)]
  0x000002734dffe800 JavaThread "Unconstrained build operations Thread 27" [_thread_blocked, id=21972, stack(0x000000f09e700000,0x000000f09e800000)]
  0x000002734dfff000 JavaThread "Unconstrained build operations Thread 28" [_thread_blocked, id=9640, stack(0x000000f09e800000,0x000000f09e900000)]
  0x000002734e000000 JavaThread "Unconstrained build operations Thread 29" [_thread_blocked, id=24364, stack(0x000000f09e900000,0x000000f09ea00000)]
  0x000002734e000800 JavaThread "Unconstrained build operations Thread 30" [_thread_blocked, id=23456, stack(0x000000f09ea00000,0x000000f09eb00000)]
  0x000002735279c800 JavaThread "Unconstrained build operations Thread 31" [_thread_blocked, id=24524, stack(0x000000f09eb00000,0x000000f09ec00000)]
  0x000002735279b000 JavaThread "Unconstrained build operations Thread 32" [_thread_blocked, id=3200, stack(0x000000f09ec00000,0x000000f09ed00000)]
  0x000002735279d800 JavaThread "Unconstrained build operations Thread 33" [_thread_blocked, id=18028, stack(0x000000f09ed00000,0x000000f09ee00000)]
  0x000002735279f000 JavaThread "jar transforms Thread 8" [_thread_blocked, id=10016, stack(0x000000f09ee00000,0x000000f09ef00000)]
  0x000002735279f800 JavaThread "build event listener" [_thread_blocked, id=6308, stack(0x000000f09ef00000,0x000000f09f000000)]
  0x000002735279b800 JavaThread "Memory manager" [_thread_blocked, id=11904, stack(0x000000f09f000000,0x000000f09f100000)]
  0x000002735279e000 JavaThread "Cache worker for Build Output Cleanup Cache (C:\Users\sagar\italkoneProject\android\.gradle\buildOutputCleanup)" [_thread_blocked, id=5284, stack(0x000000f09c100000,0x000000f09c200000)]
  0x00000273527a6000 JavaThread "included builds" [_thread_blocked, id=12796, stack(0x000000f09f200000,0x000000f09f300000)]
  0x00000273527a3000 JavaThread "Execution worker for ':react-native-gradle-plugin'" [_thread_blocked, id=17008, stack(0x000000f09f300000,0x000000f09f400000)]
  0x00000273527a4800 JavaThread "Execution worker for ':react-native-gradle-plugin' Thread 2" [_thread_in_native, id=7192, stack(0x000000f09f400000,0x000000f09f500000)]
  0x00000273527a4000 JavaThread "Execution worker for ':react-native-gradle-plugin' Thread 3" [_thread_blocked, id=3748, stack(0x000000f09f500000,0x000000f09f600000)]
  0x00000273527a2000 JavaThread "Execution worker for ':react-native-gradle-plugin' Thread 4" [_thread_blocked, id=9872, stack(0x000000f09f600000,0x000000f09f700000)]
  0x00000273527a5800 JavaThread "Execution worker for ':react-native-gradle-plugin' Thread 5" [_thread_blocked, id=23452, stack(0x000000f09f700000,0x000000f09f800000)]
  0x00000273527a0800 JavaThread "Execution worker for ':react-native-gradle-plugin' Thread 6" [_thread_blocked, id=17712, stack(0x000000f09f800000,0x000000f09f900000)]
  0x00000273527a7000 JavaThread "Execution worker for ':react-native-gradle-plugin' Thread 7" [_thread_blocked, id=15760, stack(0x000000f09f900000,0x000000f09fa00000)]
  0x00000273527a1800 JavaThread "Cache worker for execution history cache (C:\Users\sagar\italkoneProject\node_modules\react-native-gradle-plugin\.gradle\7.3.3\executionHistory)" [_thread_blocked, id=5376, stack(0x000000f09fa00000,0x000000f09fb00000)]
  0x00000273527a8000 JavaThread "Unconstrained build operations Thread 34" [_thread_blocked, id=1128, stack(0x000000f09fb00000,0x000000f09fc00000)]
  0x00000273527a8800 JavaThread "Unconstrained build operations Thread 35" [_thread_blocked, id=15008, stack(0x000000f09fc00000,0x000000f09fd00000)]
  0x00000273527a9800 JavaThread "Unconstrained build operations Thread 36" [_thread_blocked, id=11428, stack(0x000000f09fd00000,0x000000f09fe00000)]
  0x000002734e153000 JavaThread "Unconstrained build operations Thread 37" [_thread_blocked, id=11396, stack(0x000000f09fe00000,0x000000f09ff00000)]
  0x000002734e151800 JavaThread "Unconstrained build operations Thread 38" [_thread_blocked, id=13152, stack(0x000000f09ff00000,0x000000f0a0000000)]
  0x000002734e150800 JavaThread "Unconstrained build operations Thread 39" [_thread_blocked, id=17656, stack(0x000000f0a0000000,0x000000f0a0100000)]
  0x000002734e152000 JavaThread "Unconstrained build operations Thread 40" [_thread_blocked, id=24224, stack(0x000000f0a0100000,0x000000f0a0200000)]
  0x000002734e14f000 JavaThread "Unconstrained build operations Thread 41" [_thread_blocked, id=10680, stack(0x000000f0a0200000,0x000000f0a0300000)]
  0x000002734e154000 JavaThread "Unconstrained build operations Thread 42" [_thread_blocked, id=12496, stack(0x000000f0a0300000,0x000000f0a0400000)]
  0x000002734e14e000 JavaThread "Unconstrained build operations Thread 43" [_thread_blocked, id=23292, stack(0x000000f0a0400000,0x000000f0a0500000)]
  0x000002734e154800 JavaThread "Unconstrained build operations Thread 44" [_thread_blocked, id=4728, stack(0x000000f0a0500000,0x000000f0a0600000)]
  0x000002734e155800 JavaThread "Unconstrained build operations Thread 45" [_thread_blocked, id=22992, stack(0x000000f0a0600000,0x000000f0a0700000)]
  0x000002734e14f800 JavaThread "Unconstrained build operations Thread 46" [_thread_blocked, id=6940, stack(0x000000f0a0700000,0x000000f0a0800000)]
  0x000002734e15c000 JavaThread "Unconstrained build operations Thread 47" [_thread_blocked, id=21704, stack(0x000000f0a0800000,0x000000f0a0900000)]
  0x000002734e157000 JavaThread "Unconstrained build operations Thread 48" [_thread_blocked, id=22552, stack(0x000000f0a0900000,0x000000f0a0a00000)]
  0x000002734e15a800 JavaThread "Unconstrained build operations Thread 49" [_thread_blocked, id=17900, stack(0x000000f0a0a00000,0x000000f0a0b00000)]
  0x000002734e15b000 JavaThread "Unconstrained build operations Thread 50" [_thread_blocked, id=21832, stack(0x000000f0a0b00000,0x000000f0a0c00000)]
  0x000002734e156000 JavaThread "Unconstrained build operations Thread 51" [_thread_blocked, id=14380, stack(0x000000f0a0c00000,0x000000f0a0d00000)]
  0x000002734e15d000 JavaThread "Unconstrained build operations Thread 52" [_thread_blocked, id=1804, stack(0x000000f0a0d00000,0x000000f0a0e00000)]
  0x000002734e158000 JavaThread "Unconstrained build operations Thread 53" [_thread_blocked, id=17736, stack(0x000000f0a0e00000,0x000000f0a0f00000)]
  0x000002734e158800 JavaThread "Unconstrained build operations Thread 54" [_thread_blocked, id=8088, stack(0x000000f0a0f00000,0x000000f0a1000000)]
  0x000002734e159800 JavaThread "Unconstrained build operations Thread 55" [_thread_blocked, id=3492, stack(0x000000f0a1000000,0x000000f0a1100000)]
  0x0000027352aa5000 JavaThread "RMI Scheduler(0)" daemon [_thread_blocked, id=17984, stack(0x000000f09b900000,0x000000f09ba00000)]
  0x0000027352aa8000 JavaThread "RMI GC Daemon" daemon [_thread_blocked, id=852, stack(0x000000f0a1100000,0x000000f0a1200000)]
  0x0000027352aa4000 JavaThread "RMI TCP Accept-0" daemon [_thread_in_native, id=19484, stack(0x000000f0a1300000,0x000000f0a1400000)]
  0x0000027352aa5800 JavaThread "RMI Reaper" [_thread_blocked, id=4012, stack(0x000000f0a1400000,0x000000f0a1500000)]
  0x0000027352aa6800 JavaThread "RMI TCP Connection(1)-127.0.0.1" daemon [_thread_in_native, id=17592, stack(0x000000f0a1500000,0x000000f0a1600000)]
  0x000002734cca3000 JavaThread "C2 CompilerThread1" daemon [_thread_in_native, id=6032, stack(0x000000f0a1200000,0x000000f0a1300000)]
  0x0000027352aa9000 JavaThread "Cache worker for Java compile cache (C:\Users\sagar\.gradle\caches\7.3.3\javaCompile)" [_thread_blocked, id=20828, stack(0x000000f0a1600000,0x000000f0a1700000)]
  0x000002734cca5800 JavaThread "C2 CompilerThread2" daemon [_thread_in_native, id=18436, stack(0x000000f0a1700000,0x000000f0a1800000)]

Other Threads:
  0x000002734c400800 VMThread "VM Thread" [stack: 0x000000f099900000,0x000000f099a00000] [id=17360]
  0x000002734ce48800 WatcherThread [stack: 0x000000f09a300000,0x000000f09a400000] [id=6988]
  0x000002732d33a800 GCTaskThread "GC Thread#0" [stack: 0x000000f099400000,0x000000f099500000] [id=5784]
  0x000002734db80800 GCTaskThread "GC Thread#1" [stack: 0x000000f09a500000,0x000000f09a600000] [id=20972]
  0x000002734da06000 GCTaskThread "GC Thread#2" [stack: 0x000000f09a600000,0x000000f09a700000] [id=2660]
  0x000002734da06800 GCTaskThread "GC Thread#3" [stack: 0x000000f09a700000,0x000000f09a800000] [id=8444]
  0x000002734d805000 GCTaskThread "GC Thread#4" [stack: 0x000000f09a800000,0x000000f09a900000] [id=19984]
  0x000002734d9c1800 GCTaskThread "GC Thread#5" [stack: 0x000000f09a900000,0x000000f09aa00000] [id=15940]
  0x000002734f2f7800 GCTaskThread "GC Thread#6" [stack: 0x000000f09b300000,0x000000f09b400000] [id=16236]
  0x000002734fa61800 GCTaskThread "GC Thread#7" [stack: 0x000000f09b400000,0x000000f09b500000] [id=2988]
  0x000002732d36b800 ConcurrentGCThread "G1 Main Marker" [stack: 0x000000f099500000,0x000000f099600000] [id=5124]
  0x000002732d36d000 ConcurrentGCThread "G1 Conc#0" [stack: 0x000000f099600000,0x000000f099700000] [id=4320]
  0x000002734fd7c800 ConcurrentGCThread "G1 Conc#1" [stack: 0x000000f09b800000,0x000000f09b900000] [id=18212]
  0x000002734c28e800 ConcurrentGCThread "G1 Refine#0" [stack: 0x000000f099700000,0x000000f099800000] [id=11260]
  0x0000027350a7a800 ConcurrentGCThread "G1 Refine#1" [stack: 0x000000f0a1a00000,0x000000f0a1b00000] [id=14800]
  0x0000027350a77800 ConcurrentGCThread "G1 Refine#2" [stack: 0x000000f0a1b00000,0x000000f0a1c00000] [id=7804]
  0x0000027350a7b800 ConcurrentGCThread "G1 Refine#3" [stack: 0x000000f0a1c00000,0x000000f0a1d00000] [id=3448]
  0x000002734c28f000 ConcurrentGCThread "G1 Young RemSet Sampling" [stack: 0x000000f099800000,0x000000f099900000] [id=18624]

Threads with active compile tasks:
C2 CompilerThread0  31895 9183       4       com.sun.tools.javac.code.Symbol$ClassSymbol::flags (9 bytes)
C2 CompilerThread1  31895 8879   !   4       com.sun.tools.javac.code.Symbol$ClassSymbol::complete (52 bytes)
C2 CompilerThread2  31895 8857       4       com.sun.tools.javac.code.Scope$ScopeImpl::enter (108 bytes)

VM state:not at safepoint (normal execution)

VM Mutex/Monitor currently owned by a thread: None

Heap address: 0x0000000080000000, size: 2048 MB, Compressed Oops mode: 32-bit
Narrow klass base: 0x0000000000000000, Narrow klass shift: 3
Compressed class space size: 528482304 Address: 0x0000000100000000

Heap:
 garbage-first heap   total 262144K, used 91136K [0x0000000080000000, 0x0000000100000000)
  region size 1024K, 31 young (31744K), 20 survivors (20480K)
 Metaspace       used 81110K, capacity 83632K, committed 83720K, reserved 589824K
  class space    used 10424K, capacity 11466K, committed 11520K, reserved 516096K
Heap Regions: E=young(eden), S=young(survivor), O=old, HS=humongous(starts), HC=humongous(continues), CS=collection set, F=free, A=archive, TAMS=top-at-mark-start (previous, next)
|   0|0x0000000080000000, 0x0000000080100000, 0x0000000080100000|100%| O|  |TAMS 0x0000000080100000, 0x0000000080000000| Untracked 
|   1|0x0000000080100000, 0x0000000080200000, 0x0000000080200000|100%| O|  |TAMS 0x0000000080200000, 0x0000000080100000| Untracked 
|   2|0x0000000080200000, 0x0000000080300000, 0x0000000080300000|100%| O|  |TAMS 0x0000000080300000, 0x0000000080200000| Untracked 
|   3|0x0000000080300000, 0x0000000080400000, 0x0000000080400000|100%|HS|  |TAMS 0x0000000080400000, 0x0000000080300000| Complete 
|   4|0x0000000080400000, 0x0000000080500000, 0x0000000080500000|100%|HC|  |TAMS 0x0000000080500000, 0x0000000080400000| Complete 
|   5|0x0000000080500000, 0x0000000080600000, 0x0000000080600000|100%|HC|  |TAMS 0x0000000080600000, 0x0000000080500000| Complete 
|   6|0x0000000080600000, 0x0000000080700000, 0x0000000080700000|100%| O|  |TAMS 0x0000000080700000, 0x0000000080600000| Untracked 
|   7|0x0000000080700000, 0x0000000080800000, 0x0000000080800000|100%| O|  |TAMS 0x0000000080800000, 0x0000000080700000| Untracked 
|   8|0x0000000080800000, 0x0000000080900000, 0x0000000080900000|100%| O|  |TAMS 0x0000000080900000, 0x0000000080800000| Untracked 
|   9|0x0000000080900000, 0x0000000080a00000, 0x0000000080a00000|100%| O|  |TAMS 0x0000000080a00000, 0x0000000080900000| Untracked 
|  10|0x0000000080a00000, 0x0000000080b00000, 0x0000000080b00000|100%| O|  |TAMS 0x0000000080b00000, 0x0000000080a00000| Untracked 
|  11|0x0000000080b00000, 0x0000000080c00000, 0x0000000080c00000|100%| O|  |TAMS 0x0000000080c00000, 0x0000000080b00000| Untracked 
|  12|0x0000000080c00000, 0x0000000080d00000, 0x0000000080d00000|100%| O|  |TAMS 0x0000000080d00000, 0x0000000080c00000| Untracked 
|  13|0x0000000080d00000, 0x0000000080e00000, 0x0000000080e00000|100%| O|  |TAMS 0x0000000080e00000, 0x0000000080d00000| Untracked 
|  14|0x0000000080e00000, 0x0000000080f00000, 0x0000000080f00000|100%| O|  |TAMS 0x0000000080f00000, 0x0000000080e00000| Untracked 
|  15|0x0000000080f00000, 0x0000000081000000, 0x0000000081000000|100%| O|  |TAMS 0x0000000081000000, 0x0000000080f00000| Untracked 
|  16|0x0000000081000000, 0x0000000081100000, 0x0000000081100000|100%| O|  |TAMS 0x0000000081100000, 0x0000000081000000| Untracked 
|  17|0x0000000081100000, 0x0000000081200000, 0x0000000081200000|100%|HS|  |TAMS 0x0000000081200000, 0x0000000081100000| Complete 
|  18|0x0000000081200000, 0x0000000081300000, 0x0000000081300000|100%|HS|  |TAMS 0x0000000081300000, 0x0000000081200000| Complete 
|  19|0x0000000081300000, 0x0000000081400000, 0x0000000081400000|100%|HC|  |TAMS 0x0000000081400000, 0x0000000081300000| Complete 
|  20|0x0000000081400000, 0x0000000081500000, 0x0000000081500000|100%|HC|  |TAMS 0x0000000081500000, 0x0000000081400000| Complete 
|  21|0x0000000081500000, 0x0000000081600000, 0x0000000081600000|100%| O|  |TAMS 0x0000000081600000, 0x0000000081500000| Untracked 
|  22|0x0000000081600000, 0x0000000081700000, 0x0000000081700000|100%| O|  |TAMS 0x0000000081700000, 0x0000000081600000| Untracked 
|  23|0x0000000081700000, 0x0000000081800000, 0x0000000081800000|100%| O|  |TAMS 0x0000000081800000, 0x0000000081700000| Untracked 
|  24|0x0000000081800000, 0x0000000081900000, 0x0000000081900000|100%| O|  |TAMS 0x0000000081900000, 0x0000000081800000| Untracked 
|  25|0x0000000081900000, 0x0000000081a00000, 0x0000000081a00000|100%| O|  |TAMS 0x0000000081a00000, 0x0000000081900000| Untracked 
|  26|0x0000000081a00000, 0x0000000081b00000, 0x0000000081b00000|100%| O|  |TAMS 0x0000000081b00000, 0x0000000081a00000| Untracked 
|  27|0x0000000081b00000, 0x0000000081c00000, 0x0000000081c00000|100%| O|  |TAMS 0x0000000081c00000, 0x0000000081b00000| Untracked 
|  28|0x0000000081c00000, 0x0000000081d00000, 0x0000000081d00000|100%| O|  |TAMS 0x0000000081d00000, 0x0000000081c00000| Untracked 
|  29|0x0000000081d00000, 0x0000000081e00000, 0x0000000081e00000|100%| O|  |TAMS 0x0000000081e00000, 0x0000000081d00000| Untracked 
|  30|0x0000000081e00000, 0x0000000081f00000, 0x0000000081f00000|100%| O|  |TAMS 0x0000000081f00000, 0x0000000081e00000| Untracked 
|  31|0x0000000081f00000, 0x0000000082000000, 0x0000000082000000|100%| O|  |TAMS 0x0000000082000000, 0x0000000081f00000| Untracked 
|  32|0x0000000082000000, 0x0000000082100000, 0x0000000082100000|100%| O|  |TAMS 0x0000000082100000, 0x0000000082000000| Untracked 
|  33|0x0000000082100000, 0x0000000082200000, 0x0000000082200000|100%| O|  |TAMS 0x000000008214ae00, 0x0000000082100000| Untracked 
|  34|0x0000000082200000, 0x0000000082200000, 0x0000000082300000|  0%| F|  |TAMS 0x0000000082200000, 0x0000000082200000| Untracked 
|  35|0x0000000082300000, 0x0000000082300000, 0x0000000082400000|  0%| F|  |TAMS 0x0000000082300000, 0x0000000082300000| Untracked 
|  36|0x0000000082400000, 0x0000000082400000, 0x0000000082500000|  0%| F|  |TAMS 0x0000000082400000, 0x0000000082400000| Untracked 
|  37|0x0000000082500000, 0x0000000082500000, 0x0000000082600000|  0%| F|  |TAMS 0x0000000082500000, 0x0000000082500000| Untracked 
|  38|0x0000000082600000, 0x0000000082600000, 0x0000000082700000|  0%| F|  |TAMS 0x0000000082600000, 0x0000000082600000| Untracked 
|  39|0x0000000082700000, 0x0000000082700000, 0x0000000082800000|  0%| F|  |TAMS 0x0000000082700000, 0x0000000082700000| Untracked 
|  40|0x0000000082800000, 0x0000000082900000, 0x0000000082900000|100%|HS|  |TAMS 0x0000000082800000, 0x0000000082800000| Complete 
|  41|0x0000000082900000, 0x0000000082a00000, 0x0000000082a00000|100%|HC|  |TAMS 0x0000000082900000, 0x0000000082900000| Complete 
|  42|0x0000000082a00000, 0x0000000082b00000, 0x0000000082b00000|100%|HC|  |TAMS 0x0000000082a00000, 0x0000000082a00000| Complete 
|  43|0x0000000082b00000, 0x0000000082c00000, 0x0000000082c00000|100%|HC|  |TAMS 0x0000000082b00000, 0x0000000082b00000| Complete 
|  44|0x0000000082c00000, 0x0000000082d00000, 0x0000000082d00000|100%|HC|  |TAMS 0x0000000082c00000, 0x0000000082c00000| Complete 
|  45|0x0000000082d00000, 0x0000000082e00000, 0x0000000082e00000|100%|HS|  |TAMS 0x0000000082d00000, 0x0000000082d00000| Complete 
|  46|0x0000000082e00000, 0x0000000082f00000, 0x0000000082f00000|100%| O|  |TAMS 0x0000000082e00000, 0x0000000082e00000| Untracked 
|  47|0x0000000082f00000, 0x0000000083000000, 0x0000000083000000|100%| O|  |TAMS 0x0000000082f00000, 0x0000000082f00000| Untracked 
|  48|0x0000000083000000, 0x0000000083100000, 0x0000000083100000|100%| O|  |TAMS 0x0000000083000000, 0x0000000083000000| Untracked 
|  49|0x0000000083100000, 0x0000000083200000, 0x0000000083200000|100%| O|  |TAMS 0x0000000083100000, 0x0000000083100000| Untracked 
|  50|0x0000000083200000, 0x0000000083300000, 0x0000000083300000|100%| O|  |TAMS 0x0000000083200000, 0x0000000083200000| Untracked 
|  51|0x0000000083300000, 0x0000000083400000, 0x0000000083400000|100%| O|  |TAMS 0x0000000083300000, 0x0000000083300000| Untracked 
|  52|0x0000000083400000, 0x0000000083500000, 0x0000000083500000|100%| O|  |TAMS 0x0000000083400000, 0x0000000083400000| Untracked 
|  53|0x0000000083500000, 0x0000000083600000, 0x0000000083600000|100%| O|  |TAMS 0x0000000083500000, 0x0000000083500000| Untracked 
|  54|0x0000000083600000, 0x0000000083700000, 0x0000000083700000|100%| O|  |TAMS 0x0000000083600000, 0x0000000083600000| Untracked 
|  55|0x0000000083700000, 0x0000000083800000, 0x0000000083800000|100%| O|  |TAMS 0x0000000083700000, 0x0000000083700000| Untracked 
|  56|0x0000000083800000, 0x0000000083900000, 0x0000000083900000|100%| O|  |TAMS 0x0000000083800000, 0x0000000083800000| Untracked 
|  57|0x0000000083900000, 0x0000000083a00000, 0x0000000083a00000|100%| O|  |TAMS 0x0000000083900000, 0x0000000083900000| Untracked 
|  58|0x0000000083a00000, 0x0000000083b00000, 0x0000000083b00000|100%| O|  |TAMS 0x0000000083a00000, 0x0000000083a00000| Untracked 
|  59|0x0000000083b00000, 0x0000000083c00000, 0x0000000083c00000|100%| O|  |TAMS 0x0000000083b00000, 0x0000000083b00000| Untracked 
|  60|0x0000000083c00000, 0x0000000083d00000, 0x0000000083d00000|100%| O|  |TAMS 0x0000000083c00000, 0x0000000083c00000| Untracked 
|  61|0x0000000083d00000, 0x0000000083e00000, 0x0000000083e00000|100%| O|  |TAMS 0x0000000083d00000, 0x0000000083d00000| Untracked 
|  62|0x0000000083e00000, 0x0000000083f00000, 0x0000000083f00000|100%| O|  |TAMS 0x0000000083e00000, 0x0000000083e00000| Untracked 
|  63|0x0000000083f00000, 0x0000000084000000, 0x0000000084000000|100%| O|  |TAMS 0x0000000083f00000, 0x0000000083f00000| Untracked 
|  64|0x0000000084000000, 0x0000000084100000, 0x0000000084100000|100%| O|  |TAMS 0x0000000084000000, 0x0000000084000000| Untracked 
|  65|0x0000000084100000, 0x0000000084100000, 0x0000000084200000|  0%| F|  |TAMS 0x0000000084100000, 0x0000000084100000| Untracked 
|  66|0x0000000084200000, 0x0000000084200000, 0x0000000084300000|  0%| F|  |TAMS 0x0000000084200000, 0x0000000084200000| Untracked 
|  67|0x0000000084300000, 0x0000000084300000, 0x0000000084400000|  0%| F|  |TAMS 0x0000000084300000, 0x0000000084300000| Untracked 
|  68|0x0000000084400000, 0x0000000084400000, 0x0000000084500000|  0%| F|  |TAMS 0x0000000084400000, 0x0000000084400000| Untracked 
|  69|0x0000000084500000, 0x0000000084500000, 0x0000000084600000|  0%| F|  |TAMS 0x0000000084500000, 0x0000000084500000| Untracked 
|  70|0x0000000084600000, 0x0000000084600000, 0x0000000084700000|  0%| F|  |TAMS 0x0000000084600000, 0x0000000084600000| Untracked 
|  71|0x0000000084700000, 0x0000000084700000, 0x0000000084800000|  0%| F|  |TAMS 0x0000000084700000, 0x0000000084700000| Untracked 
|  72|0x0000000084800000, 0x0000000084800000, 0x0000000084900000|  0%| F|  |TAMS 0x0000000084800000, 0x0000000084800000| Untracked 
|  73|0x0000000084900000, 0x0000000084900000, 0x0000000084a00000|  0%| F|  |TAMS 0x0000000084900000, 0x0000000084900000| Untracked 
|  74|0x0000000084a00000, 0x0000000084a00000, 0x0000000084b00000|  0%| F|  |TAMS 0x0000000084a00000, 0x0000000084a00000| Untracked 
|  75|0x0000000084b00000, 0x0000000084b00000, 0x0000000084c00000|  0%| F|  |TAMS 0x0000000084b00000, 0x0000000084b00000| Untracked 
|  76|0x0000000084c00000, 0x0000000084c00000, 0x0000000084d00000|  0%| F|  |TAMS 0x0000000084c00000, 0x0000000084c00000| Untracked 
|  77|0x0000000084d00000, 0x0000000084d00000, 0x0000000084e00000|  0%| F|  |TAMS 0x0000000084d00000, 0x0000000084d00000| Untracked 
|  78|0x0000000084e00000, 0x0000000084e00000, 0x0000000084f00000|  0%| F|  |TAMS 0x0000000084e00000, 0x0000000084e00000| Untracked 
|  79|0x0000000084f00000, 0x0000000084f00000, 0x0000000085000000|  0%| F|  |TAMS 0x0000000084f00000, 0x0000000084f00000| Untracked 
|  80|0x0000000085000000, 0x0000000085000000, 0x0000000085100000|  0%| F|  |TAMS 0x0000000085000000, 0x0000000085000000| Untracked 
|  81|0x0000000085100000, 0x0000000085100000, 0x0000000085200000|  0%| F|  |TAMS 0x0000000085100000, 0x0000000085100000| Untracked 
|  82|0x0000000085200000, 0x0000000085200000, 0x0000000085300000|  0%| F|  |TAMS 0x0000000085200000, 0x0000000085200000| Untracked 
|  83|0x0000000085300000, 0x0000000085400000, 0x0000000085400000|100%| S|CS|TAMS 0x0000000085300000, 0x0000000085300000| Complete 
|  84|0x0000000085400000, 0x0000000085500000, 0x0000000085500000|100%| S|CS|TAMS 0x0000000085400000, 0x0000000085400000| Complete 
|  85|0x0000000085500000, 0x0000000085600000, 0x0000000085600000|100%| S|CS|TAMS 0x0000000085500000, 0x0000000085500000| Complete 
|  86|0x0000000085600000, 0x0000000085700000, 0x0000000085700000|100%| S|CS|TAMS 0x0000000085600000, 0x0000000085600000| Complete 
|  87|0x0000000085700000, 0x0000000085800000, 0x0000000085800000|100%| S|CS|TAMS 0x0000000085700000, 0x0000000085700000| Complete 
|  88|0x0000000085800000, 0x0000000085900000, 0x0000000085900000|100%| S|CS|TAMS 0x0000000085800000, 0x0000000085800000| Complete 
|  89|0x0000000085900000, 0x0000000085a00000, 0x0000000085a00000|100%| S|CS|TAMS 0x0000000085900000, 0x0000000085900000| Complete 
|  90|0x0000000085a00000, 0x0000000085b00000, 0x0000000085b00000|100%| S|CS|TAMS 0x0000000085a00000, 0x0000000085a00000| Complete 
|  91|0x0000000085b00000, 0x0000000085c00000, 0x0000000085c00000|100%| S|CS|TAMS 0x0000000085b00000, 0x0000000085b00000| Complete 
|  92|0x0000000085c00000, 0x0000000085c00000, 0x0000000085d00000|  0%| F|  |TAMS 0x0000000085c00000, 0x0000000085c00000| Untracked 
|  93|0x0000000085d00000, 0x0000000085d00000, 0x0000000085e00000|  0%| F|  |TAMS 0x0000000085d00000, 0x0000000085d00000| Untracked 
|  94|0x0000000085e00000, 0x0000000085e00000, 0x0000000085f00000|  0%| F|  |TAMS 0x0000000085e00000, 0x0000000085e00000| Untracked 
|  95|0x0000000085f00000, 0x0000000085f00000, 0x0000000086000000|  0%| F|  |TAMS 0x0000000085f00000, 0x0000000085f00000| Untracked 
|  96|0x0000000086000000, 0x0000000086000000, 0x0000000086100000|  0%| F|  |TAMS 0x0000000086000000, 0x0000000086000000| Untracked 
|  97|0x0000000086100000, 0x0000000086100000, 0x0000000086200000|  0%| F|  |TAMS 0x0000000086100000, 0x0000000086100000| Untracked 
|  98|0x0000000086200000, 0x0000000086200000, 0x0000000086300000|  0%| F|  |TAMS 0x0000000086200000, 0x0000000086200000| Untracked 
|  99|0x0000000086300000, 0x0000000086300000, 0x0000000086400000|  0%| F|  |TAMS 0x0000000086300000, 0x0000000086300000| Untracked 
| 100|0x0000000086400000, 0x0000000086400000, 0x0000000086500000|  0%| F|  |TAMS 0x0000000086400000, 0x0000000086400000| Untracked 
| 101|0x0000000086500000, 0x0000000086500000, 0x0000000086600000|  0%| F|  |TAMS 0x0000000086500000, 0x0000000086500000| Untracked 
| 102|0x0000000086600000, 0x0000000086600000, 0x0000000086700000|  0%| F|  |TAMS 0x0000000086600000, 0x0000000086600000| Untracked 
| 103|0x0000000086700000, 0x0000000086700000, 0x0000000086800000|  0%| F|  |TAMS 0x0000000086700000, 0x0000000086700000| Untracked 
| 104|0x0000000086800000, 0x0000000086800000, 0x0000000086900000|  0%| F|  |TAMS 0x0000000086800000, 0x0000000086800000| Untracked 
| 105|0x0000000086900000, 0x0000000086900000, 0x0000000086a00000|  0%| F|  |TAMS 0x0000000086900000, 0x0000000086900000| Untracked 
| 106|0x0000000086a00000, 0x0000000086a00000, 0x0000000086b00000|  0%| F|  |TAMS 0x0000000086a00000, 0x0000000086a00000| Untracked 
| 107|0x0000000086b00000, 0x0000000086b00000, 0x0000000086c00000|  0%| F|  |TAMS 0x0000000086b00000, 0x0000000086b00000| Untracked 
| 108|0x0000000086c00000, 0x0000000086c00000, 0x0000000086d00000|  0%| F|  |TAMS 0x0000000086c00000, 0x0000000086c00000| Untracked 
| 109|0x0000000086d00000, 0x0000000086e00000, 0x0000000086e00000|100%| S|CS|TAMS 0x0000000086d00000, 0x0000000086d00000| Complete 
| 110|0x0000000086e00000, 0x0000000086f00000, 0x0000000086f00000|100%| S|CS|TAMS 0x0000000086e00000, 0x0000000086e00000| Complete 
| 111|0x0000000086f00000, 0x0000000087000000, 0x0000000087000000|100%| S|CS|TAMS 0x0000000086f00000, 0x0000000086f00000| Complete 
| 112|0x0000000087000000, 0x0000000087100000, 0x0000000087100000|100%| S|CS|TAMS 0x0000000087000000, 0x0000000087000000| Complete 
| 113|0x0000000087100000, 0x0000000087200000, 0x0000000087200000|100%| S|CS|TAMS 0x0000000087100000, 0x0000000087100000| Complete 
| 114|0x0000000087200000, 0x0000000087300000, 0x0000000087300000|100%| S|CS|TAMS 0x0000000087200000, 0x0000000087200000| Complete 
| 115|0x0000000087300000, 0x0000000087400000, 0x0000000087400000|100%| S|CS|TAMS 0x0000000087300000, 0x0000000087300000| Complete 
| 116|0x0000000087400000, 0x0000000087500000, 0x0000000087500000|100%| S|CS|TAMS 0x0000000087400000, 0x0000000087400000| Complete 
| 117|0x0000000087500000, 0x0000000087600000, 0x0000000087600000|100%| S|CS|TAMS 0x0000000087500000, 0x0000000087500000| Complete 
| 118|0x0000000087600000, 0x0000000087700000, 0x0000000087700000|100%| S|CS|TAMS 0x0000000087600000, 0x0000000087600000| Complete 
| 119|0x0000000087700000, 0x0000000087800000, 0x0000000087800000|100%| S|CS|TAMS 0x0000000087700000, 0x0000000087700000| Complete 
| 120|0x0000000087800000, 0x0000000087800000, 0x0000000087900000|  0%| F|  |TAMS 0x0000000087800000, 0x0000000087800000| Untracked 
| 121|0x0000000087900000, 0x0000000087900000, 0x0000000087a00000|  0%| F|  |TAMS 0x0000000087900000, 0x0000000087900000| Untracked 
| 122|0x0000000087a00000, 0x0000000087a00000, 0x0000000087b00000|  0%| F|  |TAMS 0x0000000087a00000, 0x0000000087a00000| Untracked 
| 123|0x0000000087b00000, 0x0000000087b00000, 0x0000000087c00000|  0%| F|  |TAMS 0x0000000087b00000, 0x0000000087b00000| Untracked 
| 124|0x0000000087c00000, 0x0000000087c00000, 0x0000000087d00000|  0%| F|  |TAMS 0x0000000087c00000, 0x0000000087c00000| Untracked 
| 125|0x0000000087d00000, 0x0000000087d00000, 0x0000000087e00000|  0%| F|  |TAMS 0x0000000087d00000, 0x0000000087d00000| Untracked 
| 126|0x0000000087e00000, 0x0000000087e00000, 0x0000000087f00000|  0%| F|  |TAMS 0x0000000087e00000, 0x0000000087e00000| Untracked 
| 127|0x0000000087f00000, 0x0000000087f00000, 0x0000000088000000|  0%| F|  |TAMS 0x0000000087f00000, 0x0000000087f00000| Untracked 
| 128|0x0000000088000000, 0x0000000088000000, 0x0000000088100000|  0%| F|  |TAMS 0x0000000088000000, 0x0000000088000000| Untracked 
| 129|0x0000000088100000, 0x0000000088100000, 0x0000000088200000|  0%| F|  |TAMS 0x0000000088100000, 0x0000000088100000| Untracked 
| 130|0x0000000088200000, 0x0000000088200000, 0x0000000088300000|  0%| F|  |TAMS 0x0000000088200000, 0x0000000088200000| Untracked 
| 131|0x0000000088300000, 0x0000000088300000, 0x0000000088400000|  0%| F|  |TAMS 0x0000000088300000, 0x0000000088300000| Untracked 
| 132|0x0000000088400000, 0x0000000088400000, 0x0000000088500000|  0%| F|  |TAMS 0x0000000088400000, 0x0000000088400000| Untracked 
| 133|0x0000000088500000, 0x0000000088500000, 0x0000000088600000|  0%| F|  |TAMS 0x0000000088500000, 0x0000000088500000| Untracked 
| 134|0x0000000088600000, 0x0000000088600000, 0x0000000088700000|  0%| F|  |TAMS 0x0000000088600000, 0x0000000088600000| Untracked 
| 135|0x0000000088700000, 0x0000000088700000, 0x0000000088800000|  0%| F|  |TAMS 0x0000000088700000, 0x0000000088700000| Untracked 
| 136|0x0000000088800000, 0x0000000088800000, 0x0000000088900000|  0%| F|  |TAMS 0x0000000088800000, 0x0000000088800000| Untracked 
| 137|0x0000000088900000, 0x0000000088900000, 0x0000000088a00000|  0%| F|  |TAMS 0x0000000088900000, 0x0000000088900000| Untracked 
| 138|0x0000000088a00000, 0x0000000088a00000, 0x0000000088b00000|  0%| F|  |TAMS 0x0000000088a00000, 0x0000000088a00000| Untracked 
| 139|0x0000000088b00000, 0x0000000088b00000, 0x0000000088c00000|  0%| F|  |TAMS 0x0000000088b00000, 0x0000000088b00000| Untracked 
| 140|0x0000000088c00000, 0x0000000088c00000, 0x0000000088d00000|  0%| F|  |TAMS 0x0000000088c00000, 0x0000000088c00000| Untracked 
| 141|0x0000000088d00000, 0x0000000088d00000, 0x0000000088e00000|  0%| F|  |TAMS 0x0000000088d00000, 0x0000000088d00000| Untracked 
| 142|0x0000000088e00000, 0x0000000088e00000, 0x0000000088f00000|  0%| F|  |TAMS 0x0000000088e00000, 0x0000000088e00000| Untracked 
| 143|0x0000000088f00000, 0x0000000088f00000, 0x0000000089000000|  0%| F|  |TAMS 0x0000000088f00000, 0x0000000088f00000| Untracked 
| 144|0x0000000089000000, 0x0000000089000000, 0x0000000089100000|  0%| F|  |TAMS 0x0000000089000000, 0x0000000089000000| Untracked 
| 145|0x0000000089100000, 0x0000000089100000, 0x0000000089200000|  0%| F|  |TAMS 0x0000000089100000, 0x0000000089100000| Untracked 
| 146|0x0000000089200000, 0x0000000089200000, 0x0000000089300000|  0%| F|  |TAMS 0x0000000089200000, 0x0000000089200000| Untracked 
| 147|0x0000000089300000, 0x0000000089300000, 0x0000000089400000|  0%| F|  |TAMS 0x0000000089300000, 0x0000000089300000| Untracked 
| 148|0x0000000089400000, 0x0000000089400000, 0x0000000089500000|  0%| F|  |TAMS 0x0000000089400000, 0x0000000089400000| Untracked 
| 149|0x0000000089500000, 0x0000000089500000, 0x0000000089600000|  0%| F|  |TAMS 0x0000000089500000, 0x0000000089500000| Untracked 
| 150|0x0000000089600000, 0x0000000089600000, 0x0000000089700000|  0%| F|  |TAMS 0x0000000089600000, 0x0000000089600000| Untracked 
| 151|0x0000000089700000, 0x0000000089700000, 0x0000000089800000|  0%| F|  |TAMS 0x0000000089700000, 0x0000000089700000| Untracked 
| 152|0x0000000089800000, 0x0000000089800000, 0x0000000089900000|  0%| F|  |TAMS 0x0000000089800000, 0x0000000089800000| Untracked 
| 153|0x0000000089900000, 0x0000000089900000, 0x0000000089a00000|  0%| F|  |TAMS 0x0000000089900000, 0x0000000089900000| Untracked 
| 154|0x0000000089a00000, 0x0000000089a00000, 0x0000000089b00000|  0%| F|  |TAMS 0x0000000089a00000, 0x0000000089a00000| Untracked 
| 155|0x0000000089b00000, 0x0000000089b00000, 0x0000000089c00000|  0%| F|  |TAMS 0x0000000089b00000, 0x0000000089b00000| Untracked 
| 156|0x0000000089c00000, 0x0000000089c00000, 0x0000000089d00000|  0%| F|  |TAMS 0x0000000089c00000, 0x0000000089c00000| Untracked 
| 157|0x0000000089d00000, 0x0000000089d00000, 0x0000000089e00000|  0%| F|  |TAMS 0x0000000089d00000, 0x0000000089d00000| Untracked 
| 158|0x0000000089e00000, 0x0000000089e00000, 0x0000000089f00000|  0%| F|  |TAMS 0x0000000089e00000, 0x0000000089e00000| Untracked 
| 159|0x0000000089f00000, 0x0000000089f00000, 0x000000008a000000|  0%| F|  |TAMS 0x0000000089f00000, 0x0000000089f00000| Untracked 
| 160|0x000000008a000000, 0x000000008a000000, 0x000000008a100000|  0%| F|  |TAMS 0x000000008a000000, 0x000000008a000000| Untracked 
| 161|0x000000008a100000, 0x000000008a100000, 0x000000008a200000|  0%| F|  |TAMS 0x000000008a100000, 0x000000008a100000| Untracked 
| 162|0x000000008a200000, 0x000000008a200000, 0x000000008a300000|  0%| F|  |TAMS 0x000000008a200000, 0x000000008a200000| Untracked 
| 163|0x000000008a300000, 0x000000008a300000, 0x000000008a400000|  0%| F|  |TAMS 0x000000008a300000, 0x000000008a300000| Untracked 
| 164|0x000000008a400000, 0x000000008a400000, 0x000000008a500000|  0%| F|  |TAMS 0x000000008a400000, 0x000000008a400000| Untracked 
| 165|0x000000008a500000, 0x000000008a500000, 0x000000008a600000|  0%| F|  |TAMS 0x000000008a500000, 0x000000008a500000| Untracked 
| 166|0x000000008a600000, 0x000000008a600000, 0x000000008a700000|  0%| F|  |TAMS 0x000000008a600000, 0x000000008a600000| Untracked 
| 167|0x000000008a700000, 0x000000008a700000, 0x000000008a800000|  0%| F|  |TAMS 0x000000008a700000, 0x000000008a700000| Untracked 
| 168|0x000000008a800000, 0x000000008a800000, 0x000000008a900000|  0%| F|  |TAMS 0x000000008a800000, 0x000000008a800000| Untracked 
| 169|0x000000008a900000, 0x000000008a900000, 0x000000008aa00000|  0%| F|  |TAMS 0x000000008a900000, 0x000000008a900000| Untracked 
| 170|0x000000008aa00000, 0x000000008aa00000, 0x000000008ab00000|  0%| F|  |TAMS 0x000000008aa00000, 0x000000008aa00000| Untracked 
| 171|0x000000008ab00000, 0x000000008ab00000, 0x000000008ac00000|  0%| F|  |TAMS 0x000000008ab00000, 0x000000008ab00000| Untracked 
| 172|0x000000008ac00000, 0x000000008ac00000, 0x000000008ad00000|  0%| F|  |TAMS 0x000000008ac00000, 0x000000008ac00000| Untracked 
| 173|0x000000008ad00000, 0x000000008ad00000, 0x000000008ae00000|  0%| F|  |TAMS 0x000000008ad00000, 0x000000008ad00000| Untracked 
| 174|0x000000008ae00000, 0x000000008ae00000, 0x000000008af00000|  0%| F|  |TAMS 0x000000008ae00000, 0x000000008ae00000| Untracked 
| 175|0x000000008af00000, 0x000000008af00000, 0x000000008b000000|  0%| F|  |TAMS 0x000000008af00000, 0x000000008af00000| Untracked 
| 176|0x000000008b000000, 0x000000008b000000, 0x000000008b100000|  0%| F|  |TAMS 0x000000008b000000, 0x000000008b000000| Untracked 
| 177|0x000000008b100000, 0x000000008b100000, 0x000000008b200000|  0%| F|  |TAMS 0x000000008b100000, 0x000000008b100000| Untracked 
| 178|0x000000008b200000, 0x000000008b200000, 0x000000008b300000|  0%| F|  |TAMS 0x000000008b200000, 0x000000008b200000| Untracked 
| 179|0x000000008b300000, 0x000000008b300000, 0x000000008b400000|  0%| F|  |TAMS 0x000000008b300000, 0x000000008b300000| Untracked 
| 180|0x000000008b400000, 0x000000008b400000, 0x000000008b500000|  0%| F|  |TAMS 0x000000008b400000, 0x000000008b400000| Untracked 
| 181|0x000000008b500000, 0x000000008b500000, 0x000000008b600000|  0%| F|  |TAMS 0x000000008b500000, 0x000000008b500000| Untracked 
| 182|0x000000008b600000, 0x000000008b600000, 0x000000008b700000|  0%| F|  |TAMS 0x000000008b600000, 0x000000008b600000| Untracked 
| 183|0x000000008b700000, 0x000000008b700000, 0x000000008b800000|  0%| F|  |TAMS 0x000000008b700000, 0x000000008b700000| Untracked 
| 184|0x000000008b800000, 0x000000008b800000, 0x000000008b900000|  0%| F|  |TAMS 0x000000008b800000, 0x000000008b800000| Untracked 
| 185|0x000000008b900000, 0x000000008b900000, 0x000000008ba00000|  0%| F|  |TAMS 0x000000008b900000, 0x000000008b900000| Untracked 
| 186|0x000000008ba00000, 0x000000008ba00000, 0x000000008bb00000|  0%| F|  |TAMS 0x000000008ba00000, 0x000000008ba00000| Untracked 
| 187|0x000000008bb00000, 0x000000008bb00000, 0x000000008bc00000|  0%| F|  |TAMS 0x000000008bb00000, 0x000000008bb00000| Untracked 
| 188|0x000000008bc00000, 0x000000008bc00000, 0x000000008bd00000|  0%| F|  |TAMS 0x000000008bc00000, 0x000000008bc00000| Untracked 
| 189|0x000000008bd00000, 0x000000008bd00000, 0x000000008be00000|  0%| F|  |TAMS 0x000000008bd00000, 0x000000008bd00000| Untracked 
| 190|0x000000008be00000, 0x000000008be00000, 0x000000008bf00000|  0%| F|  |TAMS 0x000000008be00000, 0x000000008be00000| Untracked 
| 191|0x000000008bf00000, 0x000000008bf00000, 0x000000008c000000|  0%| F|  |TAMS 0x000000008bf00000, 0x000000008bf00000| Untracked 
| 192|0x000000008c000000, 0x000000008c000000, 0x000000008c100000|  0%| F|  |TAMS 0x000000008c000000, 0x000000008c000000| Untracked 
| 193|0x000000008c100000, 0x000000008c100000, 0x000000008c200000|  0%| F|  |TAMS 0x000000008c100000, 0x000000008c100000| Untracked 
| 194|0x000000008c200000, 0x000000008c200000, 0x000000008c300000|  0%| F|  |TAMS 0x000000008c200000, 0x000000008c200000| Untracked 
| 195|0x000000008c300000, 0x000000008c300000, 0x000000008c400000|  0%| F|  |TAMS 0x000000008c300000, 0x000000008c300000| Untracked 
| 196|0x000000008c400000, 0x000000008c400000, 0x000000008c500000|  0%| F|  |TAMS 0x000000008c400000, 0x000000008c400000| Untracked 
| 197|0x000000008c500000, 0x000000008c500000, 0x000000008c600000|  0%| F|  |TAMS 0x000000008c500000, 0x000000008c500000| Untracked 
| 198|0x000000008c600000, 0x000000008c600000, 0x000000008c700000|  0%| F|  |TAMS 0x000000008c600000, 0x000000008c600000| Untracked 
| 199|0x000000008c700000, 0x000000008c700000, 0x000000008c800000|  0%| F|  |TAMS 0x000000008c700000, 0x000000008c700000| Untracked 
| 200|0x000000008c800000, 0x000000008c800000, 0x000000008c900000|  0%| F|  |TAMS 0x000000008c800000, 0x000000008c800000| Untracked 
| 201|0x000000008c900000, 0x000000008c900000, 0x000000008ca00000|  0%| F|  |TAMS 0x000000008c900000, 0x000000008c900000| Untracked 
| 202|0x000000008ca00000, 0x000000008ca00000, 0x000000008cb00000|  0%| F|  |TAMS 0x000000008ca00000, 0x000000008ca00000| Untracked 
| 203|0x000000008cb00000, 0x000000008cb00000, 0x000000008cc00000|  0%| F|  |TAMS 0x000000008cb00000, 0x000000008cb00000| Untracked 
| 204|0x000000008cc00000, 0x000000008cc00000, 0x000000008cd00000|  0%| F|  |TAMS 0x000000008cc00000, 0x000000008cc00000| Untracked 
| 205|0x000000008cd00000, 0x000000008cd00000, 0x000000008ce00000|  0%| F|  |TAMS 0x000000008cd00000, 0x000000008cd00000| Untracked 
| 206|0x000000008ce00000, 0x000000008ce00000, 0x000000008cf00000|  0%| F|  |TAMS 0x000000008ce00000, 0x000000008ce00000| Untracked 
| 207|0x000000008cf00000, 0x000000008cf00000, 0x000000008d000000|  0%| F|  |TAMS 0x000000008cf00000, 0x000000008cf00000| Untracked 
| 208|0x000000008d000000, 0x000000008d000000, 0x000000008d100000|  0%| F|  |TAMS 0x000000008d000000, 0x000000008d000000| Untracked 
| 209|0x000000008d100000, 0x000000008d100000, 0x000000008d200000|  0%| F|  |TAMS 0x000000008d100000, 0x000000008d100000| Untracked 
| 210|0x000000008d200000, 0x000000008d200000, 0x000000008d300000|  0%| F|  |TAMS 0x000000008d200000, 0x000000008d200000| Untracked 
| 211|0x000000008d300000, 0x000000008d300000, 0x000000008d400000|  0%| F|  |TAMS 0x000000008d300000, 0x000000008d300000| Untracked 
| 212|0x000000008d400000, 0x000000008d400000, 0x000000008d500000|  0%| F|  |TAMS 0x000000008d400000, 0x000000008d400000| Untracked 
| 213|0x000000008d500000, 0x000000008d500000, 0x000000008d600000|  0%| F|  |TAMS 0x000000008d500000, 0x000000008d500000| Untracked 
| 214|0x000000008d600000, 0x000000008d600000, 0x000000008d700000|  0%| F|  |TAMS 0x000000008d600000, 0x000000008d600000| Untracked 
| 215|0x000000008d700000, 0x000000008d700000, 0x000000008d800000|  0%| F|  |TAMS 0x000000008d700000, 0x000000008d700000| Untracked 
| 216|0x000000008d800000, 0x000000008d800000, 0x000000008d900000|  0%| F|  |TAMS 0x000000008d800000, 0x000000008d800000| Untracked 
| 217|0x000000008d900000, 0x000000008d900000, 0x000000008da00000|  0%| F|  |TAMS 0x000000008d900000, 0x000000008d900000| Untracked 
| 218|0x000000008da00000, 0x000000008da00000, 0x000000008db00000|  0%| F|  |TAMS 0x000000008da00000, 0x000000008da00000| Untracked 
| 219|0x000000008db00000, 0x000000008db00000, 0x000000008dc00000|  0%| F|  |TAMS 0x000000008db00000, 0x000000008db00000| Untracked 
| 220|0x000000008dc00000, 0x000000008dc00000, 0x000000008dd00000|  0%| F|  |TAMS 0x000000008dc00000, 0x000000008dc00000| Untracked 
| 221|0x000000008dd00000, 0x000000008dd00000, 0x000000008de00000|  0%| F|  |TAMS 0x000000008dd00000, 0x000000008dd00000| Untracked 
| 222|0x000000008de00000, 0x000000008de00000, 0x000000008df00000|  0%| F|  |TAMS 0x000000008de00000, 0x000000008de00000| Untracked 
| 223|0x000000008df00000, 0x000000008df00000, 0x000000008e000000|  0%| F|  |TAMS 0x000000008df00000, 0x000000008df00000| Untracked 
| 224|0x000000008e000000, 0x000000008e000000, 0x000000008e100000|  0%| F|  |TAMS 0x000000008e000000, 0x000000008e000000| Untracked 
| 225|0x000000008e100000, 0x000000008e100000, 0x000000008e200000|  0%| F|  |TAMS 0x000000008e100000, 0x000000008e100000| Untracked 
| 226|0x000000008e200000, 0x000000008e200000, 0x000000008e300000|  0%| F|  |TAMS 0x000000008e200000, 0x000000008e200000| Untracked 
| 227|0x000000008e300000, 0x000000008e300000, 0x000000008e400000|  0%| F|  |TAMS 0x000000008e300000, 0x000000008e300000| Untracked 
| 228|0x000000008e400000, 0x000000008e400000, 0x000000008e500000|  0%| F|  |TAMS 0x000000008e400000, 0x000000008e400000| Untracked 
| 229|0x000000008e500000, 0x000000008e500000, 0x000000008e600000|  0%| F|  |TAMS 0x000000008e500000, 0x000000008e500000| Untracked 
| 230|0x000000008e600000, 0x000000008e600000, 0x000000008e700000|  0%| F|  |TAMS 0x000000008e600000, 0x000000008e600000| Untracked 
| 231|0x000000008e700000, 0x000000008e700000, 0x000000008e800000|  0%| F|  |TAMS 0x000000008e700000, 0x000000008e700000| Untracked 
| 232|0x000000008e800000, 0x000000008e800000, 0x000000008e900000|  0%| F|  |TAMS 0x000000008e800000, 0x000000008e800000| Untracked 
| 233|0x000000008e900000, 0x000000008e900000, 0x000000008ea00000|  0%| F|  |TAMS 0x000000008e900000, 0x000000008e900000| Untracked 
| 234|0x000000008ea00000, 0x000000008ea00000, 0x000000008eb00000|  0%| F|  |TAMS 0x000000008ea00000, 0x000000008ea00000| Untracked 
| 235|0x000000008eb00000, 0x000000008eb00000, 0x000000008ec00000|  0%| F|  |TAMS 0x000000008eb00000, 0x000000008eb00000| Untracked 
| 236|0x000000008ec00000, 0x000000008ec00000, 0x000000008ed00000|  0%| F|  |TAMS 0x000000008ec00000, 0x000000008ec00000| Untracked 
| 237|0x000000008ed00000, 0x000000008ed00000, 0x000000008ee00000|  0%| F|  |TAMS 0x000000008ed00000, 0x000000008ed00000| Untracked 
| 238|0x000000008ee00000, 0x000000008ee00000, 0x000000008ef00000|  0%| F|  |TAMS 0x000000008ee00000, 0x000000008ee00000| Untracked 
| 239|0x000000008ef00000, 0x000000008ef00000, 0x000000008f000000|  0%| F|  |TAMS 0x000000008ef00000, 0x000000008ef00000| Untracked 
| 240|0x000000008f000000, 0x000000008f000000, 0x000000008f100000|  0%| F|  |TAMS 0x000000008f000000, 0x000000008f000000| Untracked 
| 241|0x000000008f100000, 0x000000008f100000, 0x000000008f200000|  0%| F|  |TAMS 0x000000008f100000, 0x000000008f100000| Untracked 
| 242|0x000000008f200000, 0x000000008f200000, 0x000000008f300000|  0%| F|  |TAMS 0x000000008f200000, 0x000000008f200000| Untracked 
| 243|0x000000008f300000, 0x000000008f300000, 0x000000008f400000|  0%| F|  |TAMS 0x000000008f300000, 0x000000008f300000| Untracked 
| 244|0x000000008f400000, 0x000000008f400000, 0x000000008f500000|  0%| F|  |TAMS 0x000000008f400000, 0x000000008f400000| Untracked 
| 245|0x000000008f500000, 0x000000008f595b88, 0x000000008f600000| 58%| E|  |TAMS 0x000000008f500000, 0x000000008f500000| Complete 
| 246|0x000000008f600000, 0x000000008f700000, 0x000000008f700000|100%| E|CS|TAMS 0x000000008f600000, 0x000000008f600000| Complete 
| 247|0x000000008f700000, 0x000000008f800000, 0x000000008f800000|100%| E|CS|TAMS 0x000000008f700000, 0x000000008f700000| Complete 
| 248|0x000000008f800000, 0x000000008f900000, 0x000000008f900000|100%| E|CS|TAMS 0x000000008f800000, 0x000000008f800000| Complete 
| 249|0x000000008f900000, 0x000000008fa00000, 0x000000008fa00000|100%| E|CS|TAMS 0x000000008f900000, 0x000000008f900000| Complete 
| 250|0x000000008fa00000, 0x000000008fb00000, 0x000000008fb00000|100%| E|CS|TAMS 0x000000008fa00000, 0x000000008fa00000| Complete 
| 251|0x000000008fb00000, 0x000000008fc00000, 0x000000008fc00000|100%| E|CS|TAMS 0x000000008fb00000, 0x000000008fb00000| Complete 
| 252|0x000000008fc00000, 0x000000008fd00000, 0x000000008fd00000|100%| E|CS|TAMS 0x000000008fc00000, 0x000000008fc00000| Complete 
| 253|0x000000008fd00000, 0x000000008fe00000, 0x000000008fe00000|100%| E|CS|TAMS 0x000000008fd00000, 0x000000008fd00000| Complete 
| 254|0x000000008fe00000, 0x000000008ff00000, 0x000000008ff00000|100%| E|CS|TAMS 0x000000008fe00000, 0x000000008fe00000| Complete 
| 255|0x000000008ff00000, 0x0000000090000000, 0x0000000090000000|100%| E|CS|TAMS 0x000000008ff00000, 0x000000008ff00000| Complete 

Card table byte_map: [0x0000027345180000,0x0000027345580000] _byte_map_base: 0x0000027344d80000

Marking Bits (Prev, Next): (CMBitMap*) 0x000002732d362b88, (CMBitMap*) 0x000002732d362bc0
 Prev Bits: [0x0000027345980000, 0x0000027347980000)
 Next Bits: [0x0000027347980000, 0x0000027349980000)

Polling page: 0x000002732b2e0000

Metaspace:

Usage:
  Non-class:     70.47 MB capacity,    69.03 MB ( 98%) used,     1.18 MB (  2%) free+waste,   274.00 KB ( <1%) overhead. 
      Class:     11.20 MB capacity,    10.18 MB ( 91%) used,   911.16 KB (  8%) free+waste,   130.44 KB (  1%) overhead. 
       Both:     81.67 MB capacity,    79.21 MB ( 97%) used,     2.07 MB (  3%) free+waste,   404.44 KB ( <1%) overhead. 

Virtual space:
  Non-class space:       72.00 MB reserved,      70.51 MB ( 98%) committed 
      Class space:      504.00 MB reserved,      11.25 MB (  2%) committed 
             Both:      576.00 MB reserved,      81.76 MB ( 14%) committed 

Chunk freelists:
   Non-Class:  34.00 KB
       Class:  0 bytes
        Both:  34.00 KB

MaxMetaspaceSize: 512.00 MB
CompressedClassSpaceSize: 504.00 MB
Initial GC threshold: 20.80 MB
Current GC threshold: 113.97 MB
CDS: off

CodeHeap 'non-profiled nmethods': size=120000Kb used=5692Kb max_used=5692Kb free=114307Kb
 bounds [0x000002733d520000, 0x000002733dab0000, 0x0000027344a50000]
CodeHeap 'profiled nmethods': size=120000Kb used=21085Kb max_used=21085Kb free=98914Kb
 bounds [0x0000027335ff0000, 0x0000027337490000, 0x000002733d520000]
CodeHeap 'non-nmethods': size=5760Kb used=2386Kb max_used=2432Kb free=3373Kb
 bounds [0x0000027335a50000, 0x0000027335cc0000, 0x0000027335ff0000]
 total_blobs=10546 nmethods=9632 adapters=826
 compilation: enabled
              stopped_count=0, restarted_count=0
 full_count=0

Compilation events (20 events):
Event: 31.867 Thread 0x000002734cca9800 nmethod 9650 0x0000027337477810 code [0x0000027337477a00, 0x0000027337477d48]
Event: 31.867 Thread 0x000002734cca9800 9648       2       com.sun.tools.javac.comp.Check$1::checkWarner (11 bytes)
Event: 31.867 Thread 0x000002734cca9800 nmethod 9648 0x0000027337478010 code [0x00000273374781e0, 0x0000027337478528]
Event: 31.867 Thread 0x000002734cca9800 9646       2       com.sun.tools.javac.comp.Check::checkTransparentVar (106 bytes)
Event: 31.868 Thread 0x000002734cca9800 nmethod 9646 0x0000027337478690 code [0x00000273374788a0, 0x0000027337478c08]
Event: 31.868 Thread 0x000002734cca9800 9656       2       com.sun.tools.javac.tree.JCTree$JCMethodInvocation::accept (9 bytes)
Event: 31.868 Thread 0x000002734cca9800 nmethod 9656 0x0000027337478f10 code [0x00000273374790c0, 0x00000273374791e8]
Event: 31.868 Thread 0x000002734cca9800 9655       2       com.sun.tools.javac.tree.JCTree$JCMethodInvocation::getKind (4 bytes)
Event: 31.868 Thread 0x000002734cca9800 nmethod 9655 0x0000027337479290 code [0x0000027337479440, 0x0000027337479538]
Event: 31.868 Thread 0x000002734cca9800 9654       1       com.sun.tools.javac.tree.JCTree$JCExpressionStatement::getExpression (5 bytes)
Event: 31.868 Thread 0x000002734cca9800 nmethod 9654 0x000002733da9f310 code [0x000002733da9f4c0, 0x000002733da9f578]
Event: 31.868 Thread 0x000002734cca9800 9657       2       com.sun.tools.javac.comp.Check::checkExtends (103 bytes)
Event: 31.868 Thread 0x000002734cca9800 nmethod 9657 0x0000027337479610 code [0x0000027337479840, 0x0000027337479bd8]
Event: 31.868 Thread 0x000002734cca9800 9658       2       com.sun.tools.javac.comp.TransTypes::visitSelect (166 bytes)
Event: 31.869 Thread 0x000002734cca9800 nmethod 9658 0x0000027337479e90 code [0x000002733747a1e0, 0x000002733747b0a8]
Event: 31.869 Thread 0x000002734cca9800 9660       2       com.sun.tools.javac.comp.LambdaToMethod$LambdaAnalyzerPreprocessor::visitIdent (263 bytes)
Event: 31.870 Thread 0x000002734cca9800 nmethod 9660 0x000002733747b810 code [0x000002733747bac0, 0x000002733747c218]
Event: 31.870 Thread 0x000002734cca9800 9663   !   2       com.sun.tools.javac.comp.LambdaToMethod::visitIdent (107 bytes)
Event: 31.870 Thread 0x000002734cca9800 nmethod 9663 0x000002733747c790 code [0x000002733747c980, 0x000002733747cd48]
Event: 31.870 Thread 0x000002734cca9800 9662       2       com.sun.tools.javac.tree.TreeTranslator::visitApply (33 bytes)

GC Heap History (20 events):
Event: 0.874 GC heap before
{Heap before GC invocations=1 (full 0):
 garbage-first heap   total 262144K, used 32173K [0x0000000080000000, 0x0000000100000000)
  region size 1024K, 25 young (25600K), 3 survivors (3072K)
 Metaspace       used 11122K, capacity 11385K, committed 11520K, reserved 526336K
  class space    used 1142K, capacity 1243K, committed 1280K, reserved 516096K
}
Event: 0.876 GC heap after
{Heap after GC invocations=2 (full 0):
 garbage-first heap   total 262144K, used 10401K [0x0000000080000000, 0x0000000100000000)
  region size 1024K, 1 young (1024K), 1 survivors (1024K)
 Metaspace       used 11122K, capacity 11385K, committed 11520K, reserved 526336K
  class space    used 1142K, capacity 1243K, committed 1280K, reserved 516096K
}
Event: 1.985 GC heap before
{Heap before GC invocations=2 (full 0):
 garbage-first heap   total 262144K, used 67745K [0x0000000080000000, 0x0000000100000000)
  region size 1024K, 57 young (58368K), 1 survivors (1024K)
 Metaspace       used 18132K, capacity 18530K, committed 18688K, reserved 532480K
  class space    used 2135K, capacity 2245K, committed 2304K, reserved 516096K
}
Event: 1.988 GC heap after
{Heap after GC invocations=3 (full 0):
 garbage-first heap   total 262144K, used 17096K [0x0000000080000000, 0x0000000100000000)
  region size 1024K, 8 young (8192K), 8 survivors (8192K)
 Metaspace       used 18132K, capacity 18530K, committed 18688K, reserved 532480K
  class space    used 2135K, capacity 2245K, committed 2304K, reserved 516096K
}
Event: 2.143 GC heap before
{Heap before GC invocations=3 (full 0):
 garbage-first heap   total 262144K, used 36552K [0x0000000080000000, 0x0000000100000000)
  region size 1024K, 28 young (28672K), 8 survivors (8192K)
 Metaspace       used 20682K, capacity 21165K, committed 21296K, reserved 536576K
  class space    used 2491K, capacity 2659K, committed 2688K, reserved 516096K
}
Event: 2.147 GC heap after
{Heap after GC invocations=4 (full 0):
 garbage-first heap   total 262144K, used 17781K [0x0000000080000000, 0x0000000100000000)
  region size 1024K, 1 young (1024K), 1 survivors (1024K)
 Metaspace       used 20682K, capacity 21165K, committed 21296K, reserved 536576K
  class space    used 2491K, capacity 2659K, committed 2688K, reserved 516096K
}
Event: 3.268 GC heap before
{Heap before GC invocations=5 (full 0):
 garbage-first heap   total 262144K, used 131445K [0x0000000080000000, 0x0000000100000000)
  region size 1024K, 112 young (114688K), 1 survivors (1024K)
 Metaspace       used 34638K, capacity 35398K, committed 35632K, reserved 548864K
  class space    used 4403K, capacity 4710K, committed 4736K, reserved 516096K
}
Event: 3.275 GC heap after
{Heap after GC invocations=6 (full 0):
 garbage-first heap   total 262144K, used 22761K [0x0000000080000000, 0x0000000100000000)
  region size 1024K, 6 young (6144K), 6 survivors (6144K)
 Metaspace       used 34638K, capacity 35398K, committed 35632K, reserved 548864K
  class space    used 4403K, capacity 4710K, committed 4736K, reserved 516096K
}
Event: 3.318 GC heap before
{Heap before GC invocations=6 (full 0):
 garbage-first heap   total 262144K, used 24809K [0x0000000080000000, 0x0000000100000000)
  region size 1024K, 9 young (9216K), 6 survivors (6144K)
 Metaspace       used 35007K, capacity 35757K, committed 35920K, reserved 548864K
  class space    used 4454K, capacity 4768K, committed 4864K, reserved 516096K
}
Event: 3.326 GC heap after
{Heap after GC invocations=7 (full 0):
 garbage-first heap   total 262144K, used 23309K [0x0000000080000000, 0x0000000100000000)
  region size 1024K, 7 young (7168K), 7 survivors (7168K)
 Metaspace       used 35007K, capacity 35757K, committed 35920K, reserved 548864K
  class space    used 4454K, capacity 4768K, committed 4864K, reserved 516096K
}
Event: 7.479 GC heap before
{Heap before GC invocations=8 (full 0):
 garbage-first heap   total 262144K, used 139021K [0x0000000080000000, 0x0000000100000000)
  region size 1024K, 117 young (119808K), 7 survivors (7168K)
 Metaspace       used 43564K, capacity 44792K, committed 45008K, reserved 557056K
  class space    used 5437K, capacity 5926K, committed 6016K, reserved 516096K
}
Event: 7.487 GC heap after
{Heap after GC invocations=9 (full 0):
 garbage-first heap   total 262144K, used 30582K [0x0000000080000000, 0x0000000100000000)
  region size 1024K, 14 young (14336K), 14 survivors (14336K)
 Metaspace       used 43564K, capacity 44792K, committed 45008K, reserved 557056K
  class space    used 5437K, capacity 5926K, committed 6016K, reserved 516096K
}
Event: 8.791 GC heap before
{Heap before GC invocations=9 (full 0):
 garbage-first heap   total 262144K, used 153462K [0x0000000080000000, 0x0000000100000000)
  region size 1024K, 130 young (133120K), 14 survivors (14336K)
 Metaspace       used 52691K, capacity 54176K, committed 54352K, reserved 563200K
  class space    used 6731K, capacity 7329K, committed 7424K, reserved 516096K
}
Event: 8.803 GC heap after
{Heap after GC invocations=10 (full 0):
 garbage-first heap   total 262144K, used 41141K [0x0000000080000000, 0x0000000100000000)
  region size 1024K, 15 young (15360K), 15 survivors (15360K)
 Metaspace       used 52691K, capacity 54176K, committed 54352K, reserved 563200K
  class space    used 6731K, capacity 7329K, committed 7424K, reserved 516096K
}
Event: 9.398 GC heap before
{Heap before GC invocations=10 (full 0):
 garbage-first heap   total 262144K, used 114869K [0x0000000080000000, 0x0000000100000000)
  region size 1024K, 88 young (90112K), 15 survivors (15360K)
 Metaspace       used 58585K, capacity 60145K, committed 60296K, reserved 569344K
  class space    used 7587K, capacity 8251K, committed 8320K, reserved 516096K
}
Event: 9.407 GC heap after
{Heap after GC invocations=11 (full 0):
 garbage-first heap   total 262144K, used 44297K [0x0000000080000000, 0x0000000100000000)
  region size 1024K, 10 young (10240K), 10 survivors (10240K)
 Metaspace       used 58585K, capacity 60145K, committed 60296K, reserved 569344K
  class space    used 7587K, capacity 8251K, committed 8320K, reserved 516096K
}
Event: 10.552 GC heap before
{Heap before GC invocations=12 (full 0):
 garbage-first heap   total 262144K, used 183561K [0x0000000080000000, 0x0000000100000000)
  region size 1024K, 147 young (150528K), 10 survivors (10240K)
 Metaspace       used 67582K, capacity 69599K, committed 69768K, reserved 577536K
  class space    used 8760K, capacity 9544K, committed 9600K, reserved 516096K
}
Event: 10.564 GC heap after
{Heap after GC invocations=13 (full 0):
 garbage-first heap   total 262144K, used 51499K [0x0000000080000000, 0x0000000100000000)
  region size 1024K, 17 young (17408K), 17 survivors (17408K)
 Metaspace       used 67582K, capacity 69599K, committed 69768K, reserved 577536K
  class space    used 8760K, capacity 9544K, committed 9600K, reserved 516096K
}
Event: 31.689 GC heap before
{Heap before GC invocations=14 (full 0):
 garbage-first heap   total 262144K, used 202027K [0x0000000080000000, 0x0000000100000000)
  region size 1024K, 153 young (156672K), 17 survivors (17408K)
 Metaspace       used 80638K, capacity 83192K, committed 83464K, reserved 589824K
  class space    used 10401K, capacity 11452K, committed 11520K, reserved 516096K
}
Event: 31.713 GC heap after
{Heap after GC invocations=15 (full 0):
 garbage-first heap   total 262144K, used 80896K [0x0000000080000000, 0x0000000100000000)
  region size 1024K, 20 young (20480K), 20 survivors (20480K)
 Metaspace       used 80638K, capacity 83192K, committed 83464K, reserved 589824K
  class space    used 10401K, capacity 11452K, committed 11520K, reserved 516096K
}

Deoptimization events (20 events):
Event: 31.334 Thread 0x00000273527a4800 DEOPT PACKING pc=0x000002733721a414 sp=0x000000f09f4f7b90
Event: 31.334 Thread 0x00000273527a4800 DEOPT UNPACKING pc=0x0000027335a9a95e sp=0x000000f09f4f7128 mode 0
Event: 31.435 Thread 0x00000273527a4800 Uncommon trap: trap_request=0xffffff4d fr.pc=0x000002733da71358 relative=0x0000000000000518
Event: 31.435 Thread 0x00000273527a4800 Uncommon trap: reason=unstable_if action=reinterpret pc=0x000002733da71358 method=com.sun.tools.javac.util.ListBuffer.append(Ljava/lang/Object;)Lcom/sun/tools/javac/util/ListBuffer; @ 9 c2
Event: 31.435 Thread 0x00000273527a4800 DEOPT PACKING pc=0x000002733da71358 sp=0x000000f09f4f8740
Event: 31.435 Thread 0x00000273527a4800 DEOPT UNPACKING pc=0x0000027335a9a1af sp=0x000000f09f4f8708 mode 2
Event: 31.507 Thread 0x00000273527a4800 DEOPT PACKING pc=0x00000273368a82f1 sp=0x000000f09f4f8b20
Event: 31.507 Thread 0x00000273527a4800 DEOPT UNPACKING pc=0x0000027335a9a95e sp=0x000000f09f4f8018 mode 0
Event: 31.543 Thread 0x00000273527a4800 Uncommon trap: trap_request=0xffffff4d fr.pc=0x000002733d9dd818 relative=0x00000000000000f8
Event: 31.543 Thread 0x00000273527a4800 Uncommon trap: reason=unstable_if action=reinterpret pc=0x000002733d9dd818 method=com.sun.tools.javac.util.IntHashTable.lookup(Ljava/lang/Object;I)I @ 67 c2
Event: 31.543 Thread 0x00000273527a4800 DEOPT PACKING pc=0x000002733d9dd818 sp=0x000000f09f4f9030
Event: 31.543 Thread 0x00000273527a4800 DEOPT UNPACKING pc=0x0000027335a9a1af sp=0x000000f09f4f8f98 mode 2
Event: 31.729 Thread 0x00000273527a4800 Uncommon trap: trap_request=0xfffffff4 fr.pc=0x000002733da3dccc relative=0x0000000000000dcc
Event: 31.729 Thread 0x00000273527a4800 Uncommon trap: reason=null_check action=make_not_entrant pc=0x000002733da3dccc method=com.sun.tools.javac.util.UnsharedNameTable.fromUtf([BII)Lcom/sun/tools/javac/util/Name; @ 50 c2
Event: 31.729 Thread 0x00000273527a4800 DEOPT PACKING pc=0x000002733da3dccc sp=0x000000f09f4f2b40
Event: 31.729 Thread 0x00000273527a4800 DEOPT UNPACKING pc=0x0000027335a9a1af sp=0x000000f09f4f2ae8 mode 2
Event: 31.805 Thread 0x00000273527a4800 Uncommon trap: trap_request=0xffffff4d fr.pc=0x000002733d9ddd74 relative=0x0000000000000234
Event: 31.805 Thread 0x00000273527a4800 Uncommon trap: reason=unstable_if action=reinterpret pc=0x000002733d9ddd74 method=com.sun.tools.javac.util.IntHashTable.putAtIndex(Ljava/lang/Object;II)I @ 18 c2
Event: 31.805 Thread 0x00000273527a4800 DEOPT PACKING pc=0x000002733d9ddd74 sp=0x000000f09f4f9060
Event: 31.805 Thread 0x00000273527a4800 DEOPT UNPACKING pc=0x0000027335a9a1af sp=0x000000f09f4f8ff8 mode 2

Classes redefined (0 events):
No events

Internal exceptions (20 events):
Event: 31.628 Thread 0x00000273527a4800 Exception <a 'sun/nio/fs/WindowsException'{0x0000000087bbbb80}> (0x0000000087bbbb80) thrown at [./src/hotspot/share/prims/jni.cpp, line 616]
Event: 31.662 Thread 0x00000273527a4800 Exception <a 'sun/nio/fs/WindowsException'{0x0000000087999d20}> (0x0000000087999d20) thrown at [./src/hotspot/share/prims/jni.cpp, line 616]
Event: 31.669 Thread 0x00000273527a4800 Exception <a 'sun/nio/fs/WindowsException'{0x00000000879c5d40}> (0x00000000879c5d40) thrown at [./src/hotspot/share/prims/jni.cpp, line 616]
Event: 31.671 Thread 0x00000273527a4800 Exception <a 'sun/nio/fs/WindowsException'{0x00000000879cf388}> (0x00000000879cf388) thrown at [./src/hotspot/share/prims/jni.cpp, line 616]
Event: 31.729 Thread 0x00000273527a4800 Implicit null exception at 0x000002733da3d11c to 0x000002733da3dc98
Event: 31.772 Thread 0x00000273527a4800 Exception <a 'sun/nio/fs/WindowsException'{0x000000008fb08118}> (0x000000008fb08118) thrown at [./src/hotspot/share/prims/jni.cpp, line 616]
Event: 31.776 Thread 0x00000273527a4800 Exception <a 'sun/nio/fs/WindowsException'{0x000000008fb3e578}> (0x000000008fb3e578) thrown at [./src/hotspot/share/prims/jni.cpp, line 616]
Event: 31.781 Thread 0x00000273527a4800 Exception <a 'sun/nio/fs/WindowsException'{0x000000008fb60ee0}> (0x000000008fb60ee0) thrown at [./src/hotspot/share/prims/jni.cpp, line 616]
Event: 31.796 Thread 0x00000273527a4800 Exception <a 'sun/nio/fs/WindowsException'{0x000000008fada2b0}> (0x000000008fada2b0) thrown at [./src/hotspot/share/prims/jni.cpp, line 616]
Event: 31.799 Thread 0x00000273527a4800 Exception <a 'sun/nio/fs/WindowsException'{0x000000008fae6e40}> (0x000000008fae6e40) thrown at [./src/hotspot/share/prims/jni.cpp, line 616]
Event: 31.802 Thread 0x00000273527a4800 Exception <a 'sun/nio/fs/WindowsException'{0x000000008f903310}> (0x000000008f903310) thrown at [./src/hotspot/share/prims/jni.cpp, line 616]
Event: 31.805 Thread 0x00000273527a4800 Exception <a 'sun/nio/fs/WindowsException'{0x000000008f91f138}> (0x000000008f91f138) thrown at [./src/hotspot/share/prims/jni.cpp, line 616]
Event: 31.810 Thread 0x00000273527a4800 Exception <a 'sun/nio/fs/WindowsException'{0x000000008f943130}> (0x000000008f943130) thrown at [./src/hotspot/share/prims/jni.cpp, line 616]
Event: 31.813 Thread 0x00000273527a4800 Exception <a 'sun/nio/fs/WindowsException'{0x000000008f94cf68}> (0x000000008f94cf68) thrown at [./src/hotspot/share/prims/jni.cpp, line 616]
Event: 31.816 Thread 0x00000273527a4800 Exception <a 'sun/nio/fs/WindowsException'{0x000000008f965358}> (0x000000008f965358) thrown at [./src/hotspot/share/prims/jni.cpp, line 616]
Event: 31.822 Thread 0x00000273527a4800 Exception <a 'sun/nio/fs/WindowsException'{0x000000008f9a2208}> (0x000000008f9a2208) thrown at [./src/hotspot/share/prims/jni.cpp, line 616]
Event: 31.827 Thread 0x00000273527a4800 Exception <a 'sun/nio/fs/WindowsException'{0x000000008f9c35a0}> (0x000000008f9c35a0) thrown at [./src/hotspot/share/prims/jni.cpp, line 616]
Event: 31.831 Thread 0x00000273527a4800 Exception <a 'sun/nio/fs/WindowsException'{0x000000008f9dd4a8}> (0x000000008f9dd4a8) thrown at [./src/hotspot/share/prims/jni.cpp, line 616]
Event: 31.836 Thread 0x00000273527a4800 Exception <a 'sun/nio/fs/WindowsException'{0x000000008f9fe480}> (0x000000008f9fe480) thrown at [./src/hotspot/share/prims/jni.cpp, line 616]
Event: 31.836 Thread 0x00000273527a4800 Exception <a 'sun/nio/fs/WindowsException'{0x000000008f9fe880}> (0x000000008f9fe880) thrown at [./src/hotspot/share/prims/jni.cpp, line 616]

Events (20 events):
Event: 31.753 loading class com/sun/tools/javac/code/Type
Event: 31.753 loading class com/sun/tools/javac/code/Type done
Event: 31.753 loading class com/sun/tools/javac/comp/Attr
Event: 31.753 loading class com/sun/tools/javac/comp/Attr done
Event: 31.754 loading class com/sun/tools/javac/util/List
Event: 31.754 loading class com/sun/tools/javac/util/List done
Event: 31.754 loading class com/sun/tools/javac/code/Type
Event: 31.754 loading class com/sun/tools/javac/code/Type done
Event: 31.754 loading class com/sun/tools/javac/comp/Attr
Event: 31.754 loading class com/sun/tools/javac/comp/Attr done
Event: 31.754 loading class com/sun/tools/javac/code/Type
Event: 31.754 loading class com/sun/tools/javac/code/Type done
Event: 31.754 loading class com/sun/tools/javac/code/Type
Event: 31.754 loading class com/sun/tools/javac/code/Type done
Event: 31.825 Executing VM operation: ICBufferFull
Event: 31.826 Executing VM operation: ICBufferFull done
Event: 31.833 loading class com/sun/tools/javac/util/JCDiagnostic$DiagnosticPosition
Event: 31.833 loading class com/sun/tools/javac/util/JCDiagnostic$DiagnosticPosition done
Event: 31.833 loading class com/sun/tools/javac/comp/Check
Event: 31.833 loading class com/sun/tools/javac/comp/Check done


Dynamic libraries:
0x00007ff75fc20000 - 0x00007ff75fc2d000 	C:\Program Files\OpenJDK\openjdk-11.0.13_8\bin\java.exe
0x00007ff947770000 - 0x00007ff947965000 	C:\WINDOWS\SYSTEM32\ntdll.dll
0x00007ff947460000 - 0x00007ff94751e000 	C:\WINDOWS\System32\KERNEL32.DLL
0x00007ff9453e0000 - 0x00007ff9456a8000 	C:\WINDOWS\System32\KERNELBASE.dll
0x00007ff9451a0000 - 0x00007ff9452a0000 	C:\WINDOWS\System32\ucrtbase.dll
0x00007ff93f1a0000 - 0x00007ff93f1b8000 	C:\Program Files\OpenJDK\openjdk-11.0.13_8\bin\jli.dll
0x00007ff93d4b0000 - 0x00007ff93d4c6000 	C:\Program Files\OpenJDK\openjdk-11.0.13_8\bin\VCRUNTIME140.dll
0x00007ff946110000 - 0x00007ff9462b0000 	C:\WINDOWS\System32\USER32.dll
0x00007ff944e90000 - 0x00007ff944eb2000 	C:\WINDOWS\System32\win32u.dll
0x00007ff936270000 - 0x00007ff93650a000 	C:\WINDOWS\WinSxS\amd64_microsoft.windows.common-controls_6595b64144ccf1df_6.0.19041.1110_none_60b5254171f9507e\COMCTL32.dll
0x00007ff946920000 - 0x00007ff94694a000 	C:\WINDOWS\System32\GDI32.dll
0x00007ff9466a0000 - 0x00007ff94673e000 	C:\WINDOWS\System32\msvcrt.dll
0x00007ff9452d0000 - 0x00007ff9453db000 	C:\WINDOWS\System32\gdi32full.dll
0x00007ff944f10000 - 0x00007ff944fad000 	C:\WINDOWS\System32\msvcp_win.dll
0x00007ff945860000 - 0x00007ff945890000 	C:\WINDOWS\System32\IMM32.DLL
0x00007ff8e97c0000 - 0x00007ff8e986a000 	C:\Program Files\OpenJDK\openjdk-11.0.13_8\bin\msvcp140.dll
0x00007ff8b0a50000 - 0x00007ff8b159c000 	C:\Program Files\OpenJDK\openjdk-11.0.13_8\bin\server\jvm.dll
0x00007ff946740000 - 0x00007ff9467ee000 	C:\WINDOWS\System32\ADVAPI32.dll
0x00007ff945890000 - 0x00007ff94592c000 	C:\WINDOWS\System32\sechost.dll
0x00007ff947120000 - 0x00007ff947245000 	C:\WINDOWS\System32\RPCRT4.dll
0x00007ff946950000 - 0x00007ff946958000 	C:\WINDOWS\System32\PSAPI.DLL
0x00007ff938640000 - 0x00007ff938667000 	C:\WINDOWS\SYSTEM32\WINMM.dll
0x00007ff927100000 - 0x00007ff927109000 	C:\WINDOWS\SYSTEM32\WSOCK32.dll
0x00007ff93cf90000 - 0x00007ff93cf9a000 	C:\WINDOWS\SYSTEM32\VERSION.dll
0x00007ff9462b0000 - 0x00007ff94631b000 	C:\WINDOWS\System32\WS2_32.dll
0x00007ff943720000 - 0x00007ff943732000 	C:\WINDOWS\SYSTEM32\kernel.appcore.dll
0x00007ff9261b0000 - 0x00007ff9261c1000 	C:\Program Files\OpenJDK\openjdk-11.0.13_8\bin\verify.dll
0x00007ff943430000 - 0x00007ff943614000 	C:\WINDOWS\SYSTEM32\DBGHELP.DLL
0x00007ff9355c0000 - 0x00007ff9355ec000 	C:\WINDOWS\SYSTEM32\dbgcore.DLL
0x00007ff944fb0000 - 0x00007ff945032000 	C:\WINDOWS\System32\bcryptPrimitives.dll
0x00007ff9239e0000 - 0x00007ff923a09000 	C:\Program Files\OpenJDK\openjdk-11.0.13_8\bin\java.dll
0x00007ff9408b0000 - 0x00007ff9408ba000 	C:\Program Files\OpenJDK\openjdk-11.0.13_8\bin\jimage.dll
0x00007ff924500000 - 0x00007ff924517000 	C:\Program Files\OpenJDK\openjdk-11.0.13_8\bin\zip.dll
0x00007ff946960000 - 0x00007ff9470a4000 	C:\WINDOWS\System32\SHELL32.dll
0x00007ff942bd0000 - 0x00007ff943364000 	C:\WINDOWS\SYSTEM32\windows.storage.dll
0x00007ff946340000 - 0x00007ff946694000 	C:\WINDOWS\System32\combase.dll
0x00007ff944900000 - 0x00007ff94492c000 	C:\WINDOWS\SYSTEM32\Wldp.dll
0x00007ff945ad0000 - 0x00007ff945b7d000 	C:\WINDOWS\System32\SHCORE.dll
0x00007ff947250000 - 0x00007ff9472a5000 	C:\WINDOWS\System32\shlwapi.dll
0x00007ff944dd0000 - 0x00007ff944def000 	C:\WINDOWS\SYSTEM32\profapi.dll
0x00007ff924070000 - 0x00007ff924089000 	C:\Program Files\OpenJDK\openjdk-11.0.13_8\bin\net.dll
0x00007ff93ae70000 - 0x00007ff93af7a000 	C:\WINDOWS\SYSTEM32\WINHTTP.dll
0x00007ff944660000 - 0x00007ff9446ca000 	C:\WINDOWS\system32\mswsock.dll
0x00007ff9239c0000 - 0x00007ff9239d3000 	C:\Program Files\OpenJDK\openjdk-11.0.13_8\bin\nio.dll
0x00007ff921170000 - 0x00007ff921197000 	C:\Users\sagar\.gradle\native\e1d6ef7f7dcc3fd88c89a11ec53ec762bb8ba0a96d01ffa2cd45eb1d1d8dd5c5\windows-amd64\native-platform.dll
0x00007ff8fab20000 - 0x00007ff8fac64000 	C:\Users\sagar\.gradle\native\5664cfc778a61ccfe75a443a1ab52a65af34e5dc3c78e0209fed803814484fcb\windows-amd64\native-platform-file-events.dll
0x00007ff93f0a0000 - 0x00007ff93f0a9000 	C:\Program Files\OpenJDK\openjdk-11.0.13_8\bin\management.dll
0x00007ff93f010000 - 0x00007ff93f01c000 	C:\Program Files\OpenJDK\openjdk-11.0.13_8\bin\management_ext.dll
0x00007ff944850000 - 0x00007ff944868000 	C:\WINDOWS\SYSTEM32\CRYPTSP.dll
0x00007ff943f70000 - 0x00007ff943fa4000 	C:\WINDOWS\system32\rsaenh.dll
0x00007ff9452a0000 - 0x00007ff9452c7000 	C:\WINDOWS\System32\bcrypt.dll
0x00007ff944d90000 - 0x00007ff944dbe000 	C:\WINDOWS\SYSTEM32\USERENV.dll
0x00007ff944870000 - 0x00007ff94487c000 	C:\WINDOWS\SYSTEM32\CRYPTBASE.dll
0x00007ff944300000 - 0x00007ff94433b000 	C:\WINDOWS\SYSTEM32\IPHLPAPI.DLL
0x00007ff9470b0000 - 0x00007ff9470b8000 	C:\WINDOWS\System32\NSI.dll
0x00007ff93d300000 - 0x00007ff93d317000 	C:\WINDOWS\SYSTEM32\dhcpcsvc6.DLL
0x00007ff93cfa0000 - 0x00007ff93cfbd000 	C:\WINDOWS\SYSTEM32\dhcpcsvc.DLL
0x00007ff944350000 - 0x00007ff94441b000 	C:\WINDOWS\SYSTEM32\DNSAPI.dll
0x00007ff93aa40000 - 0x00007ff93aa5e000 	C:\Users\sagar\AppData\Local\Temp\native-platform12530533784193341802dir\native-platform.dll
0x00007ff93df60000 - 0x00007ff93df67000 	C:\Program Files\OpenJDK\openjdk-11.0.13_8\bin\rmi.dll

dbghelp: loaded successfully - version: 4.0.5 - missing functions: none
symbol engine: initialized successfully - sym options: 0x614 - pdb path: .;C:\Program Files\OpenJDK\openjdk-11.0.13_8\bin;C:\WINDOWS\SYSTEM32;C:\WINDOWS\WinSxS\amd64_microsoft.windows.common-controls_6595b64144ccf1df_6.0.19041.1110_none_60b5254171f9507e;C:\Program Files\OpenJDK\openjdk-11.0.13_8\bin\server;C:\Users\sagar\.gradle\native\e1d6ef7f7dcc3fd88c89a11ec53ec762bb8ba0a96d01ffa2cd45eb1d1d8dd5c5\windows-amd64;C:\Users\sagar\.gradle\native\5664cfc778a61ccfe75a443a1ab52a65af34e5dc3c78e0209fed803814484fcb\windows-amd64;C:\Users\sagar\AppData\Local\Temp\native-platform12530533784193341802dir

VM Arguments:
jvm_args: -XX:MaxMetaspaceSize=512m --add-opens=java.base/java.util=ALL-UNNAMED --add-opens=java.base/java.lang=ALL-UNNAMED --add-opens=java.base/java.lang.invoke=ALL-UNNAMED --add-opens=java.base/java.util=ALL-UNNAMED --add-opens=java.prefs/java.util.prefs=ALL-UNNAMED --add-opens=java.prefs/java.util.prefs=ALL-UNNAMED --add-opens=java.base/java.nio.charset=ALL-UNNAMED --add-opens=java.base/java.net=ALL-UNNAMED --add-opens=java.base/java.util.concurrent.atomic=ALL-UNNAMED -Xmx2048m -Dfile.encoding=windows-1252 -Duser.country=ES -Duser.language=es -Duser.variant 
java_command: org.gradle.launcher.daemon.bootstrap.GradleDaemon 7.3.3
java_class_path (initial): C:\Users\sagar\.gradle\wrapper\dists\gradle-7.3.3-all\4295vidhdd9hd3gbjyw1xqxpo\gradle-7.3.3\lib\gradle-launcher-7.3.3.jar
Launcher Type: SUN_STANDARD

[Global flags]
     intx CICompilerCount                          = 4                                         {product} {ergonomic}
   size_t CompressedClassSpaceSize                 = 528482304                                 {product} {ergonomic}
     uint ConcGCThreads                            = 2                                         {product} {ergonomic}
     uint G1ConcRefinementThreads                  = 8                                         {product} {ergonomic}
   size_t G1HeapRegionSize                         = 1048576                                   {product} {ergonomic}
    uintx GCDrainStackTargetSize                   = 64                                        {product} {ergonomic}
   size_t InitialHeapSize                          = 268435456                                 {product} {ergonomic}
   size_t MarkStackSize                            = 4194304                                   {product} {ergonomic}
   size_t MaxHeapSize                              = 2147483648                                {product} {command line}
   size_t MaxMetaspaceSize                         = 536870912                                 {product} {command line}
   size_t MaxNewSize                               = 1287651328                                {product} {ergonomic}
   size_t MinHeapDeltaBytes                        = 1048576                                   {product} {ergonomic}
    uintx NonNMethodCodeHeapSize                   = 5836300                                {pd product} {ergonomic}
    uintx NonProfiledCodeHeapSize                  = 122910970                              {pd product} {ergonomic}
    uintx ProfiledCodeHeapSize                     = 122910970                              {pd product} {ergonomic}
    uintx ReservedCodeCacheSize                    = 251658240                              {pd product} {ergonomic}
     bool SegmentedCodeCache                       = true                                      {product} {ergonomic}
     bool UseCompressedClassPointers               = true                                 {lp64_product} {ergonomic}
     bool UseCompressedOops                        = true                                 {lp64_product} {ergonomic}
     bool UseG1GC                                  = true                                      {product} {ergonomic}
     bool UseLargePagesIndividualAllocation        = false                                  {pd product} {ergonomic}

Logging:
Log output configuration:
 #0: stdout all=warning uptime,level,tags
 #1: stderr all=off uptime,level,tags

Environment Variables:
JAVA_HOME=C:\Program Files\OpenJDK\openjdk-11.0.13_8
CLASSPATH=C:\Users\sagar\italkoneProject\android\\gradle\wrapper\gradle-wrapper.jar
PATH=C:\Users\sagar\italkoneProject\android\node_modules\.bin;C:\Users\sagar\italkoneProject\node_modules\.bin;C:\Users\sagar\node_modules\.bin;C:\Users\node_modules\.bin;C:\node_modules\.bin;C:\Program Files\nodejs;C:\Users\sagar\italkoneProject\node_modules\.bin;C:\Users\sagar\node_modules\.bin;C:\Users\node_modules\.bin;C:\node_modules\.bin;C:\Users\sagar\AppData\Roaming\npm\node_modules\npm\node_modules\@npmcli\run-script\lib\node-gyp-bin;C:\Program Files (x86)\Common Files\Oracle\Java\javapath;C:\Program Files (x86)\VMware\VMware Player\bin\;C:\Program Files\Microsoft MPI\Bin\;C:\Windows\system32;C:\Windows;C:\Windows\System32\Wbem;C:\Windows\System32\WindowsPowerShell\v1.0\;C:\Windows\System32\OpenSSH\;C:\Program Files (x86)\NVIDIA Corporation\PhysX\Common;C:\Program Files\NVIDIA Corporation\NVIDIA NvDLISR;D:\Program Files\Client SDK\ODBC\170\Tools\Binn\;C:\Program Files\dotnet\;C:\Program Files (x86)\Microsoft SQL Server\150\Tools\Binn\;D:\Program Files\150\Tools\Binn\;D:\Program Files\150\DTS\Binn\;C:\Program Files (x86)\Microsoft SQL Server\150\DTS\Binn\;C:\Program Files\Git\cmd;C:\Program Files (x86)\dotnet\;C:\WINDOWS\system32;C:\WINDOWS;C:\WINDOWS\System32\Wbem;C:\WINDOWS\System32\WindowsPowerShell\v1.0\;C:\WINDOWS\System32\OpenSSH\;D:\Program Files\130\Tools\Binn\;C:\Program Files\nodejs\;D:\10. Linux\putty\;C:\ProgramData\chocolatey\bin;C:\Program Files\OpenJDK\openjdk-11.0.13_8\bin;C:\Users\sagar\AppData\Local\Programs\Python\Launcher\;C:\Users\sagar\AppData\Local\Microsoft\WindowsApps;C:\Users\sagar\AppData\Local\Programs\Microsoft VS Code\bin;C:\Program Files\Azure Data Studio\bin;C:\Users\sagar\AppData\Local\hyper\app-3.0.2\resources\bin;C:\Program Files\heroku\bin;C:\Users\sagar\.dotnet\tools;C:\Users\sagar\AppData\Local\Microsoft\WindowsApps;C:\Users\sagar\AppData\Roaming\npm;C:\Users\sagar\AppData\platform-tools;;C:\Users\sagar\italkoneProject\node_modules\.bin
USERNAME=sagar
LANG=es_ES.UTF-8
OS=Windows_NT
PROCESSOR_IDENTIFIER=Intel64 Family 6 Model 165 Stepping 2, GenuineIntel



---------------  S Y S T E M  ---------------

OS: Windows 10 , 64 bit Build 19041 (10.0.19041.1645)
OS uptime: 0 days 9:41 hours

CPU:total 8 (initial active 8) (4 cores per cpu, 2 threads per core) family 6 model 165 stepping 2 microcode 0xec, cmov, cx8, fxsr, mmx, sse, sse2, sse3, ssse3, sse4.1, sse4.2, popcnt, avx, avx2, aes, clmul, erms, 3dnowpref, lzcnt, ht, tsc, tscinvbit, bmi1, bmi2, adx, fma

Memory: 4k page, system-wide physical 16291M (5201M free)
TotalPageFile size 20291M (AvailPageFile size 24M)
current process WorkingSet (physical memory assigned to process): 507M, peak: 524M
current process commit charge ("private bytes"): 564M, peak: 581M

vm_info: OpenJDK 64-Bit Server VM (11.0.13+8) for windows-amd64 JRE (11.0.13+8), built on Oct  8 2021 16:28:06 by "" with MS VC++ 15.5 (VS2017)

END.
